[1.621s] Invoking command in '/home/wens/ugv_ws/build/rosmaster_base_package': PYTHONPATH=/home/wens/ugv_ws/build/rosmaster_base_package/prefix_override:/usr/lib/python3/dist-packages/colcon_core/task/python/colcon_distutils_commands:/home/wens/ugv_ws/install/rosmaster_base_package/lib/python3.10/site-packages:${PYTHONPATH} /usr/bin/python3 -W ignore:setup.py install is deprecated -W ignore:easy_install command is deprecated setup.py develop --editable --build-directory /home/wens/ugv_ws/build/rosmaster_base_package/build --no-deps symlink_data
[2.297s] running develop
[2.733s] running egg_info
[2.733s] creating rosmaster_base_package.egg-info
[2.733s] writing rosmaster_base_package.egg-info/PKG-INFO
[2.734s] writing dependency_links to rosmaster_base_package.egg-info/dependency_links.txt
[2.734s] writing entry points to rosmaster_base_package.egg-info/entry_points.txt
[2.734s] writing requirements to rosmaster_base_package.egg-info/requires.txt
[2.735s] writing top-level names to rosmaster_base_package.egg-info/top_level.txt
[2.735s] writing manifest file 'rosmaster_base_package.egg-info/SOURCES.txt'
[2.739s] reading manifest file 'rosmaster_base_package.egg-info/SOURCES.txt'
[2.740s] writing manifest file 'rosmaster_base_package.egg-info/SOURCES.txt'
[2.744s] running build_ext
[2.744s] Creating /home/wens/ugv_ws/install/rosmaster_base_package/lib/python3.10/site-packages/rosmaster-base-package.egg-link (link to .)
[2.746s] Installing rosmaster_base_node script to /home/wens/ugv_ws/install/rosmaster_base_package/lib/rosmaster_base_package
[2.747s] 
[2.747s] Installed /home/wens/ugv_ws/build/rosmaster_base_package
[2.747s] running symlink_data
[2.747s] creating /home/wens/ugv_ws/install/rosmaster_base_package/share/ament_index
[2.747s] creating /home/wens/ugv_ws/install/rosmaster_base_package/share/ament_index/resource_index
[2.748s] creating /home/wens/ugv_ws/install/rosmaster_base_package/share/ament_index/resource_index/packages
[2.748s] symbolically linking /home/wens/ugv_ws/build/rosmaster_base_package/resource/rosmaster_base_package -> /home/wens/ugv_ws/install/rosmaster_base_package/share/ament_index/resource_index/packages
[2.748s] symbolically linking /home/wens/ugv_ws/build/rosmaster_base_package/package.xml -> /home/wens/ugv_ws/install/rosmaster_base_package/share/rosmaster_base_package
[2.838s] Invoked command in '/home/wens/ugv_ws/build/rosmaster_base_package' returned '0': PYTHONPATH=/home/wens/ugv_ws/build/rosmaster_base_package/prefix_override:/usr/lib/python3/dist-packages/colcon_core/task/python/colcon_distutils_commands:/home/wens/ugv_ws/install/rosmaster_base_package/lib/python3.10/site-packages:${PYTHONPATH} /usr/bin/python3 -W ignore:setup.py install is deprecated -W ignore:easy_install command is deprecated setup.py develop --editable --build-directory /home/wens/ugv_ws/build/rosmaster_base_package/build --no-deps symlink_data
