[1.493s] Invoking command in '/home/wens/ugv_ws/build/sllidar_ros2': CMAKE_PREFIX_PATH=${CMAKE_PREFIX_PATH}:/home/wens/ugv_ws/install/rosmaster_bringup:/home/wens/ugv_ws/install/rosmaster_description:/home/wens/ugv_ws/install/rosmaster_base_package:/home/wens/ros2_ws/install/yahboomcar_description:/home/wens/ros2_ws/install/yahboomcar_ctrl:/home/wens/ros2_ws/install/yahboomcar_bringup:/home/wens/ros2_ws/install/yahboom_rosmaster:/opt/ros/humble /usr/bin/cmake --build /home/wens/ugv_ws/build/sllidar_ros2 -- -j6 -l6
[1.662s] [ 10%] Built target sllidar_client
[1.680s] [100%] Built target sllidar_node
[1.722s] Invoked command in '/home/wens/ugv_ws/build/sllidar_ros2' returned '0': CMAKE_PREFIX_PATH=${CMAKE_PREFIX_PATH}:/home/wens/ugv_ws/install/rosmaster_bringup:/home/wens/ugv_ws/install/rosmaster_description:/home/wens/ugv_ws/install/rosmaster_base_package:/home/wens/ros2_ws/install/yahboomcar_description:/home/wens/ros2_ws/install/yahboomcar_ctrl:/home/wens/ros2_ws/install/yahboomcar_bringup:/home/wens/ros2_ws/install/yahboom_rosmaster:/opt/ros/humble /usr/bin/cmake --build /home/wens/ugv_ws/build/sllidar_ros2 -- -j6 -l6
[1.745s] Invoking command in '/home/wens/ugv_ws/build/sllidar_ros2': CMAKE_PREFIX_PATH=${CMAKE_PREFIX_PATH}:/home/wens/ugv_ws/install/rosmaster_bringup:/home/wens/ugv_ws/install/rosmaster_description:/home/wens/ugv_ws/install/rosmaster_base_package:/home/wens/ros2_ws/install/yahboomcar_description:/home/wens/ros2_ws/install/yahboomcar_ctrl:/home/wens/ros2_ws/install/yahboomcar_bringup:/home/wens/ros2_ws/install/yahboom_rosmaster:/opt/ros/humble /usr/bin/cmake --install /home/wens/ugv_ws/build/sllidar_ros2
[1.761s] -- Install configuration: ""
[1.762s] -- Execute custom install script
[1.763s] -- Up-to-date symlink: /home/wens/ugv_ws/install/sllidar_ros2/share/sllidar_ros2/launch/sllidar_a1_launch.py
[1.763s] -- Up-to-date symlink: /home/wens/ugv_ws/install/sllidar_ros2/share/sllidar_ros2/launch/sllidar_a2m12_launch .py
[1.764s] -- Up-to-date symlink: /home/wens/ugv_ws/install/sllidar_ros2/share/sllidar_ros2/launch/sllidar_a2m7_launch.py
[1.764s] -- Up-to-date symlink: /home/wens/ugv_ws/install/sllidar_ros2/share/sllidar_ros2/launch/sllidar_a2m8_launch.py
[1.764s] -- Up-to-date symlink: /home/wens/ugv_ws/install/sllidar_ros2/share/sllidar_ros2/launch/sllidar_a3_launch.py
[1.764s] -- Up-to-date symlink: /home/wens/ugv_ws/install/sllidar_ros2/share/sllidar_ros2/launch/sllidar_c1_launch.py
[1.764s] -- Up-to-date symlink: /home/wens/ugv_ws/install/sllidar_ros2/share/sllidar_ros2/launch/sllidar_s1_launch.py
[1.765s] -- Up-to-date symlink: /home/wens/ugv_ws/install/sllidar_ros2/share/sllidar_ros2/launch/sllidar_s1_tcp_launch.py
[1.765s] -- Up-to-date symlink: /home/wens/ugv_ws/install/sllidar_ros2/share/sllidar_ros2/launch/sllidar_s2_launch.py
[1.765s] -- Up-to-date symlink: /home/wens/ugv_ws/install/sllidar_ros2/share/sllidar_ros2/launch/sllidar_s2e_launch.py
[1.765s] -- Up-to-date symlink: /home/wens/ugv_ws/install/sllidar_ros2/share/sllidar_ros2/launch/sllidar_s3_launch.py
[1.765s] -- Up-to-date symlink: /home/wens/ugv_ws/install/sllidar_ros2/share/sllidar_ros2/launch/sllidar_t1_launch.py
[1.766s] -- Up-to-date symlink: /home/wens/ugv_ws/install/sllidar_ros2/share/sllidar_ros2/launch/view_sllidar_a1_launch.py
[1.766s] -- Up-to-date symlink: /home/wens/ugv_ws/install/sllidar_ros2/share/sllidar_ros2/launch/view_sllidar_a2m12_launch.py
[1.766s] -- Up-to-date symlink: /home/wens/ugv_ws/install/sllidar_ros2/share/sllidar_ros2/launch/view_sllidar_a2m7_launch.py
[1.766s] -- Up-to-date symlink: /home/wens/ugv_ws/install/sllidar_ros2/share/sllidar_ros2/launch/view_sllidar_a2m8_launch.py
[1.766s] -- Up-to-date symlink: /home/wens/ugv_ws/install/sllidar_ros2/share/sllidar_ros2/launch/view_sllidar_a3_launch.py
[1.767s] -- Up-to-date symlink: /home/wens/ugv_ws/install/sllidar_ros2/share/sllidar_ros2/launch/view_sllidar_c1_launch.py
[1.767s] -- Up-to-date symlink: /home/wens/ugv_ws/install/sllidar_ros2/share/sllidar_ros2/launch/view_sllidar_s1_launch.py
[1.767s] -- Up-to-date symlink: /home/wens/ugv_ws/install/sllidar_ros2/share/sllidar_ros2/launch/view_sllidar_s1_tcp_launch.py
[1.767s] -- Up-to-date symlink: /home/wens/ugv_ws/install/sllidar_ros2/share/sllidar_ros2/launch/view_sllidar_s2_launch.py
[1.768s] -- Up-to-date symlink: /home/wens/ugv_ws/install/sllidar_ros2/share/sllidar_ros2/launch/view_sllidar_s2e_launch.py
[1.768s] -- Up-to-date symlink: /home/wens/ugv_ws/install/sllidar_ros2/share/sllidar_ros2/launch/view_sllidar_s3_launch.py
[1.768s] -- Up-to-date symlink: /home/wens/ugv_ws/install/sllidar_ros2/share/sllidar_ros2/launch/view_sllidar_t1_launch.py
[1.768s] -- Up-to-date symlink: /home/wens/ugv_ws/install/sllidar_ros2/share/sllidar_ros2/rviz/sllidar_ros2.rviz
[1.769s] -- Up-to-date symlink: /home/wens/ugv_ws/install/sllidar_ros2/lib/sllidar_ros2/sllidar_node
[1.769s] -- Up-to-date symlink: /home/wens/ugv_ws/install/sllidar_ros2/lib/sllidar_ros2/sllidar_client
[1.769s] -- Up-to-date symlink: /home/wens/ugv_ws/install/sllidar_ros2/share/ament_index/resource_index/package_run_dependencies/sllidar_ros2
[1.770s] -- Up-to-date symlink: /home/wens/ugv_ws/install/sllidar_ros2/share/ament_index/resource_index/parent_prefix_path/sllidar_ros2
[1.770s] -- Up-to-date symlink: /home/wens/ugv_ws/install/sllidar_ros2/share/sllidar_ros2/environment/ament_prefix_path.sh
[1.770s] -- Up-to-date symlink: /home/wens/ugv_ws/install/sllidar_ros2/share/sllidar_ros2/environment/ament_prefix_path.dsv
[1.771s] -- Up-to-date symlink: /home/wens/ugv_ws/install/sllidar_ros2/share/sllidar_ros2/environment/path.sh
[1.771s] -- Up-to-date symlink: /home/wens/ugv_ws/install/sllidar_ros2/share/sllidar_ros2/environment/path.dsv
[1.772s] -- Up-to-date symlink: /home/wens/ugv_ws/install/sllidar_ros2/share/sllidar_ros2/local_setup.bash
[1.773s] -- Up-to-date symlink: /home/wens/ugv_ws/install/sllidar_ros2/share/sllidar_ros2/local_setup.sh
[1.773s] -- Up-to-date symlink: /home/wens/ugv_ws/install/sllidar_ros2/share/sllidar_ros2/local_setup.zsh
[1.773s] -- Up-to-date symlink: /home/wens/ugv_ws/install/sllidar_ros2/share/sllidar_ros2/local_setup.dsv
[1.773s] -- Symlinking: /home/wens/ugv_ws/install/sllidar_ros2/share/sllidar_ros2/package.dsv
[1.800s] -- Up-to-date symlink: /home/wens/ugv_ws/install/sllidar_ros2/share/ament_index/resource_index/packages/sllidar_ros2
[1.801s] -- Up-to-date symlink: /home/wens/ugv_ws/install/sllidar_ros2/share/sllidar_ros2/cmake/ament_cmake_export_dependencies-extras.cmake
[1.801s] -- Up-to-date symlink: /home/wens/ugv_ws/install/sllidar_ros2/share/sllidar_ros2/cmake/ament_cmake_export_include_directories-extras.cmake
[1.802s] -- Up-to-date symlink: /home/wens/ugv_ws/install/sllidar_ros2/share/sllidar_ros2/cmake/sllidar_ros2Config.cmake
[1.811s] -- Up-to-date symlink: /home/wens/ugv_ws/install/sllidar_ros2/share/sllidar_ros2/cmake/sllidar_ros2Config-version.cmake
[1.817s] -- Up-to-date symlink: /home/wens/ugv_ws/install/sllidar_ros2/share/sllidar_ros2/package.xml
[1.818s] Invoked command in '/home/wens/ugv_ws/build/sllidar_ros2' returned '0': CMAKE_PREFIX_PATH=${CMAKE_PREFIX_PATH}:/home/wens/ugv_ws/install/rosmaster_bringup:/home/wens/ugv_ws/install/rosmaster_description:/home/wens/ugv_ws/install/rosmaster_base_package:/home/wens/ros2_ws/install/yahboomcar_description:/home/wens/ros2_ws/install/yahboomcar_ctrl:/home/wens/ros2_ws/install/yahboomcar_bringup:/home/wens/ros2_ws/install/yahboom_rosmaster:/opt/ros/humble /usr/bin/cmake --install /home/wens/ugv_ws/build/sllidar_ros2
