[2.468s] Invoking command in '/home/wens/ugv_ws/build/rosmaster_description': PYTHONPATH=/home/wens/ugv_ws/build/rosmaster_description/prefix_override:/usr/lib/python3/dist-packages/colcon_core/task/python/colcon_distutils_commands:/home/wens/ugv_ws/install/rosmaster_description/lib/python3.10/site-packages:${PYTHONPATH} /usr/bin/python3 -W ignore:setup.py install is deprecated -W ignore:easy_install command is deprecated setup.py develop --editable --build-directory /home/wens/ugv_ws/build/rosmaster_description/build --no-deps symlink_data
[3.169s] running develop
[3.609s] running egg_info
[3.609s] writing rosmaster_description.egg-info/PKG-INFO
[3.610s] writing dependency_links to rosmaster_description.egg-info/dependency_links.txt
[3.610s] writing entry points to rosmaster_description.egg-info/entry_points.txt
[3.610s] writing requirements to rosmaster_description.egg-info/requires.txt
[3.611s] writing top-level names to rosmaster_description.egg-info/top_level.txt
[3.615s] reading manifest file 'rosmaster_description.egg-info/SOURCES.txt'
[3.617s] writing manifest file 'rosmaster_description.egg-info/SOURCES.txt'
[3.621s] running build_ext
[3.621s] Creating /home/wens/ugv_ws/install/rosmaster_description/lib/python3.10/site-packages/rosmaster-description.egg-link (link to .)
[3.623s] 
[3.623s] Installed /home/wens/ugv_ws/build/rosmaster_description
[3.623s] running symlink_data
[3.624s] creating /home/wens/ugv_ws/install/rosmaster_description/share/rosmaster_description/urdf
[3.624s] symbolically linking /home/wens/ugv_ws/build/rosmaster_description/urdf/ugv.urdf.xacro -> /home/wens/ugv_ws/install/rosmaster_description/share/rosmaster_description/urdf
[3.624s] creating /home/wens/ugv_ws/install/rosmaster_description/share/rosmaster_description/meshes
[3.625s] symbolically linking /home/wens/ugv_ws/build/rosmaster_description/meshes/wens-ugv.mesh.dae -> /home/wens/ugv_ws/install/rosmaster_description/share/rosmaster_description/meshes
[3.625s] symbolically linking /home/wens/ugv_ws/build/rosmaster_description/meshes/wens-ugv.mesh.STL -> /home/wens/ugv_ws/install/rosmaster_description/share/rosmaster_description/meshes
[3.723s] Invoked command in '/home/wens/ugv_ws/build/rosmaster_description' returned '0': PYTHONPATH=/home/wens/ugv_ws/build/rosmaster_description/prefix_override:/usr/lib/python3/dist-packages/colcon_core/task/python/colcon_distutils_commands:/home/wens/ugv_ws/install/rosmaster_description/lib/python3.10/site-packages:${PYTHONPATH} /usr/bin/python3 -W ignore:setup.py install is deprecated -W ignore:easy_install command is deprecated setup.py develop --editable --build-directory /home/wens/ugv_ws/build/rosmaster_description/build --no-deps symlink_data
