[1.738s] Invoking command in '/home/wens/ugv_ws/build/rosmaster_bringup': AMENT_PREFIX_PATH=/home/wens/ugv_ws/install/rosmaster_description:/home/wens/ugv_ws/install/rosmaster_base_package:/home/wens/ugv_ws/install/sllidar_ros2:/home/wens/ros2_ws/install/yahboomcar_description:/home/wens/ros2_ws/install/yahboomcar_ctrl:/home/wens/ros2_ws/install/yahboomcar_bringup:/home/wens/ros2_ws/install/yahboomcar_base_node:/home/wens/ros2_ws/install/yahboom_rosmaster:/home/wens/ros2_ws/install/sllidar_ros2:/opt/ros/humble PYTHONPATH=/home/wens/ugv_ws/build/rosmaster_bringup/prefix_override:/usr/lib/python3/dist-packages/colcon_core/task/python/colcon_distutils_commands:/home/wens/ugv_ws/install/rosmaster_bringup/lib/python3.10/site-packages:${PYTHONPATH} /usr/bin/python3 -W ignore:setup.py install is deprecated -W ignore:easy_install command is deprecated setup.py develop --editable --build-directory /home/wens/ugv_ws/build/rosmaster_bringup/build --no-deps symlink_data
[2.444s] running develop
[2.897s] running egg_info
[2.897s] creating rosmaster_bringup.egg-info
[2.898s] writing rosmaster_bringup.egg-info/PKG-INFO
[2.898s] writing dependency_links to rosmaster_bringup.egg-info/dependency_links.txt
[2.899s] writing entry points to rosmaster_bringup.egg-info/entry_points.txt
[2.899s] writing requirements to rosmaster_bringup.egg-info/requires.txt
[2.899s] writing top-level names to rosmaster_bringup.egg-info/top_level.txt
[2.900s] writing manifest file 'rosmaster_bringup.egg-info/SOURCES.txt'
[2.903s] reading manifest file 'rosmaster_bringup.egg-info/SOURCES.txt'
[2.905s] writing manifest file 'rosmaster_bringup.egg-info/SOURCES.txt'
[2.911s] running build_ext
[2.911s] Creating /home/wens/ugv_ws/install/rosmaster_bringup/lib/python3.10/site-packages/rosmaster-bringup.egg-link (link to .)
[2.912s] 
[2.912s] Installed /home/wens/ugv_ws/build/rosmaster_bringup
[2.913s] running symlink_data
[2.913s] creating /home/wens/ugv_ws/install/rosmaster_bringup/share/ament_index
[2.913s] creating /home/wens/ugv_ws/install/rosmaster_bringup/share/ament_index/resource_index
[2.914s] creating /home/wens/ugv_ws/install/rosmaster_bringup/share/ament_index/resource_index/packages
[2.914s] symbolically linking /home/wens/ugv_ws/build/rosmaster_bringup/resource/rosmaster_bringup -> /home/wens/ugv_ws/install/rosmaster_bringup/share/ament_index/resource_index/packages
[2.914s] symbolically linking /home/wens/ugv_ws/build/rosmaster_bringup/package.xml -> /home/wens/ugv_ws/install/rosmaster_bringup/share/rosmaster_bringup
[2.914s] creating /home/wens/ugv_ws/install/rosmaster_bringup/share/rosmaster_bringup/launch
[2.915s] symbolically linking /home/wens/ugv_ws/build/rosmaster_bringup/launch/ugv_bringup.launch.py -> /home/wens/ugv_ws/install/rosmaster_bringup/share/rosmaster_bringup/launch
[3.018s] Invoked command in '/home/wens/ugv_ws/build/rosmaster_bringup' returned '0': AMENT_PREFIX_PATH=/home/wens/ugv_ws/install/rosmaster_description:/home/wens/ugv_ws/install/rosmaster_base_package:/home/wens/ugv_ws/install/sllidar_ros2:/home/wens/ros2_ws/install/yahboomcar_description:/home/wens/ros2_ws/install/yahboomcar_ctrl:/home/wens/ros2_ws/install/yahboomcar_bringup:/home/wens/ros2_ws/install/yahboomcar_base_node:/home/wens/ros2_ws/install/yahboom_rosmaster:/home/wens/ros2_ws/install/sllidar_ros2:/opt/ros/humble PYTHONPATH=/home/wens/ugv_ws/build/rosmaster_bringup/prefix_override:/usr/lib/python3/dist-packages/colcon_core/task/python/colcon_distutils_commands:/home/wens/ugv_ws/install/rosmaster_bringup/lib/python3.10/site-packages:${PYTHONPATH} /usr/bin/python3 -W ignore:setup.py install is deprecated -W ignore:easy_install command is deprecated setup.py develop --editable --build-directory /home/wens/ugv_ws/build/rosmaster_bringup/build --no-deps symlink_data
