[1.449s] Invoking command in '/home/wens/ugv_ws/build/sllidar_ros2': CMAKE_PREFIX_PATH=${CMAKE_PREFIX_PATH}:/home/wens/ugv_ws/install/rosmaster_description:/home/wens/ugv_ws/install/rosmaster_base_package:/home/wens/ros2_ws/install/yahboomcar_description:/home/wens/ros2_ws/install/yahboomcar_ctrl:/home/wens/ros2_ws/install/yahboomcar_bringup:/home/wens/ros2_ws/install/yahboom_rosmaster:/opt/ros/humble /usr/bin/cmake --build /home/wens/ugv_ws/build/sllidar_ros2 -- -j6 -l6
[1.599s] [ 10%] Built target sllidar_client
[1.610s] [100%] Built target sllidar_node
[1.648s] Invoked command in '/home/wens/ugv_ws/build/sllidar_ros2' returned '0': CMAKE_PREFIX_PATH=${CMAKE_PREFIX_PATH}:/home/wens/ugv_ws/install/rosmaster_description:/home/wens/ugv_ws/install/rosmaster_base_package:/home/wens/ros2_ws/install/yahboomcar_description:/home/wens/ros2_ws/install/yahboomcar_ctrl:/home/wens/ros2_ws/install/yahboomcar_bringup:/home/wens/ros2_ws/install/yahboom_rosmaster:/opt/ros/humble /usr/bin/cmake --build /home/wens/ugv_ws/build/sllidar_ros2 -- -j6 -l6
[1.670s] Invoking command in '/home/wens/ugv_ws/build/sllidar_ros2': CMAKE_PREFIX_PATH=${CMAKE_PREFIX_PATH}:/home/wens/ugv_ws/install/rosmaster_description:/home/wens/ugv_ws/install/rosmaster_base_package:/home/wens/ros2_ws/install/yahboomcar_description:/home/wens/ros2_ws/install/yahboomcar_ctrl:/home/wens/ros2_ws/install/yahboomcar_bringup:/home/wens/ros2_ws/install/yahboom_rosmaster:/opt/ros/humble /usr/bin/cmake --install /home/wens/ugv_ws/build/sllidar_ros2
[1.692s] -- Install configuration: ""
[1.692s] -- Execute custom install script
[1.694s] -- Up-to-date symlink: /home/wens/ugv_ws/install/sllidar_ros2/share/sllidar_ros2/launch/sllidar_a1_launch.py
[1.694s] -- Up-to-date symlink: /home/wens/ugv_ws/install/sllidar_ros2/share/sllidar_ros2/launch/sllidar_a2m12_launch .py
[1.694s] -- Up-to-date symlink: /home/wens/ugv_ws/install/sllidar_ros2/share/sllidar_ros2/launch/sllidar_a2m7_launch.py
[1.694s] -- Up-to-date symlink: /home/wens/ugv_ws/install/sllidar_ros2/share/sllidar_ros2/launch/sllidar_a2m8_launch.py
[1.695s] -- Up-to-date symlink: /home/wens/ugv_ws/install/sllidar_ros2/share/sllidar_ros2/launch/sllidar_a3_launch.py
[1.695s] -- Up-to-date symlink: /home/wens/ugv_ws/install/sllidar_ros2/share/sllidar_ros2/launch/sllidar_c1_launch.py
[1.695s] -- Up-to-date symlink: /home/wens/ugv_ws/install/sllidar_ros2/share/sllidar_ros2/launch/sllidar_s1_launch.py
[1.695s] -- Up-to-date symlink: /home/wens/ugv_ws/install/sllidar_ros2/share/sllidar_ros2/launch/sllidar_s1_tcp_launch.py
[1.696s] -- Up-to-date symlink: /home/wens/ugv_ws/install/sllidar_ros2/share/sllidar_ros2/launch/sllidar_s2_launch.py
[1.696s] -- Up-to-date symlink: /home/wens/ugv_ws/install/sllidar_ros2/share/sllidar_ros2/launch/sllidar_s2e_launch.py
[1.696s] -- Up-to-date symlink: /home/wens/ugv_ws/install/sllidar_ros2/share/sllidar_ros2/launch/sllidar_s3_launch.py
[1.696s] -- Up-to-date symlink: /home/wens/ugv_ws/install/sllidar_ros2/share/sllidar_ros2/launch/sllidar_t1_launch.py
[1.696s] -- Up-to-date symlink: /home/wens/ugv_ws/install/sllidar_ros2/share/sllidar_ros2/launch/view_sllidar_a1_launch.py
[1.697s] -- Up-to-date symlink: /home/wens/ugv_ws/install/sllidar_ros2/share/sllidar_ros2/launch/view_sllidar_a2m12_launch.py
[1.697s] -- Up-to-date symlink: /home/wens/ugv_ws/install/sllidar_ros2/share/sllidar_ros2/launch/view_sllidar_a2m7_launch.py
[1.697s] -- Up-to-date symlink: /home/wens/ugv_ws/install/sllidar_ros2/share/sllidar_ros2/launch/view_sllidar_a2m8_launch.py
[1.698s] -- Up-to-date symlink: /home/wens/ugv_ws/install/sllidar_ros2/share/sllidar_ros2/launch/view_sllidar_a3_launch.py
[1.698s] -- Up-to-date symlink: /home/wens/ugv_ws/install/sllidar_ros2/share/sllidar_ros2/launch/view_sllidar_c1_launch.py
[1.699s] -- Up-to-date symlink: /home/wens/ugv_ws/install/sllidar_ros2/share/sllidar_ros2/launch/view_sllidar_s1_launch.py
[1.699s] -- Up-to-date symlink: /home/wens/ugv_ws/install/sllidar_ros2/share/sllidar_ros2/launch/view_sllidar_s1_tcp_launch.py
[1.699s] -- Up-to-date symlink: /home/wens/ugv_ws/install/sllidar_ros2/share/sllidar_ros2/launch/view_sllidar_s2_launch.py
[1.700s] -- Up-to-date symlink: /home/wens/ugv_ws/install/sllidar_ros2/share/sllidar_ros2/launch/view_sllidar_s2e_launch.py
[1.700s] -- Up-to-date symlink: /home/wens/ugv_ws/install/sllidar_ros2/share/sllidar_ros2/launch/view_sllidar_s3_launch.py
[1.700s] -- Up-to-date symlink: /home/wens/ugv_ws/install/sllidar_ros2/share/sllidar_ros2/launch/view_sllidar_t1_launch.py
[1.701s] -- Up-to-date symlink: /home/wens/ugv_ws/install/sllidar_ros2/share/sllidar_ros2/rviz/sllidar_ros2.rviz
[1.702s] -- Up-to-date symlink: /home/wens/ugv_ws/install/sllidar_ros2/lib/sllidar_ros2/sllidar_node
[1.702s] -- Up-to-date symlink: /home/wens/ugv_ws/install/sllidar_ros2/lib/sllidar_ros2/sllidar_client
[1.703s] -- Up-to-date symlink: /home/wens/ugv_ws/install/sllidar_ros2/share/ament_index/resource_index/package_run_dependencies/sllidar_ros2
[1.703s] -- Up-to-date symlink: /home/wens/ugv_ws/install/sllidar_ros2/share/ament_index/resource_index/parent_prefix_path/sllidar_ros2
[1.704s] -- Up-to-date symlink: /home/wens/ugv_ws/install/sllidar_ros2/share/sllidar_ros2/environment/ament_prefix_path.sh
[1.704s] -- Up-to-date symlink: /home/wens/ugv_ws/install/sllidar_ros2/share/sllidar_ros2/environment/ament_prefix_path.dsv
[1.705s] -- Up-to-date symlink: /home/wens/ugv_ws/install/sllidar_ros2/share/sllidar_ros2/environment/path.sh
[1.705s] -- Up-to-date symlink: /home/wens/ugv_ws/install/sllidar_ros2/share/sllidar_ros2/environment/path.dsv
[1.705s] -- Up-to-date symlink: /home/wens/ugv_ws/install/sllidar_ros2/share/sllidar_ros2/local_setup.bash
[1.706s] -- Up-to-date symlink: /home/wens/ugv_ws/install/sllidar_ros2/share/sllidar_ros2/local_setup.sh
[1.706s] -- Up-to-date symlink: /home/wens/ugv_ws/install/sllidar_ros2/share/sllidar_ros2/local_setup.zsh
[1.707s] -- Up-to-date symlink: /home/wens/ugv_ws/install/sllidar_ros2/share/sllidar_ros2/local_setup.dsv
[1.707s] -- Symlinking: /home/wens/ugv_ws/install/sllidar_ros2/share/sllidar_ros2/package.dsv
[1.736s] -- Up-to-date symlink: /home/wens/ugv_ws/install/sllidar_ros2/share/ament_index/resource_index/packages/sllidar_ros2
[1.737s] -- Up-to-date symlink: /home/wens/ugv_ws/install/sllidar_ros2/share/sllidar_ros2/cmake/ament_cmake_export_dependencies-extras.cmake
[1.737s] -- Up-to-date symlink: /home/wens/ugv_ws/install/sllidar_ros2/share/sllidar_ros2/cmake/ament_cmake_export_include_directories-extras.cmake
[1.738s] -- Up-to-date symlink: /home/wens/ugv_ws/install/sllidar_ros2/share/sllidar_ros2/cmake/sllidar_ros2Config.cmake
[1.738s] -- Up-to-date symlink: /home/wens/ugv_ws/install/sllidar_ros2/share/sllidar_ros2/cmake/sllidar_ros2Config-version.cmake
[1.739s] -- Up-to-date symlink: /home/wens/ugv_ws/install/sllidar_ros2/share/sllidar_ros2/package.xml
[1.744s] Invoked command in '/home/wens/ugv_ws/build/sllidar_ros2' returned '0': CMAKE_PREFIX_PATH=${CMAKE_PREFIX_PATH}:/home/wens/ugv_ws/install/rosmaster_description:/home/wens/ugv_ws/install/rosmaster_base_package:/home/wens/ros2_ws/install/yahboomcar_description:/home/wens/ros2_ws/install/yahboomcar_ctrl:/home/wens/ros2_ws/install/yahboomcar_bringup:/home/wens/ros2_ws/install/yahboom_rosmaster:/opt/ros/humble /usr/bin/cmake --install /home/wens/ugv_ws/build/sllidar_ros2
