[0.262s] DEBUG:colcon:Command line arguments: ['/usr/bin/colcon', 'build', '--symlink-install']
[0.263s] DEBUG:colcon:Parsed command line arguments: Namespace(log_base=None, log_level=None, verb_name='build', build_base='build', install_base='install', merge_install=False, symlink_install=True, test_result_base=None, continue_on_error=False, executor='parallel', parallel_workers=6, event_handlers=None, ignore_user_meta=False, metas=['./colcon.meta'], base_paths=['.'], packages_ignore=None, packages_ignore_regex=None, paths=None, packages_up_to=None, packages_up_to_regex=None, packages_above=None, packages_above_and_dependencies=None, packages_above_depth=None, packages_select_by_dep=None, packages_skip_by_dep=None, packages_skip_up_to=None, packages_select_build_failed=False, packages_skip_build_finished=False, packages_select_test_failures=False, packages_skip_test_passed=False, packages_select=None, packages_skip=None, packages_select_regex=None, packages_skip_regex=None, packages_start=None, packages_end=None, allow_overriding=[], cmake_args=None, cmake_target=None, cmake_target_skip_unavailable=False, cmake_clean_cache=False, cmake_clean_first=False, cmake_force_configure=False, ament_cmake_args=None, catkin_cmake_args=None, catkin_skip_building_tests=False, verb_parser=<colcon_defaults.argument_parser.defaults.DefaultArgumentsDecorator object at 0xffff9d6dc520>, verb_extension=<colcon_core.verb.build.BuildVerb object at 0xffff9d6a3940>, main=<bound method BuildVerb.main of <colcon_core.verb.build.BuildVerb object at 0xffff9d6a3940>>)
[0.689s] Level 1:colcon.colcon_core.package_discovery:discover_packages(colcon_meta) check parameters
[0.689s] Level 1:colcon.colcon_core.package_discovery:discover_packages(recursive) check parameters
[0.689s] Level 1:colcon.colcon_core.package_discovery:discover_packages(ignore) check parameters
[0.689s] Level 1:colcon.colcon_core.package_discovery:discover_packages(path) check parameters
[0.690s] Level 1:colcon.colcon_core.package_discovery:discover_packages(colcon_meta) discover
[0.690s] Level 1:colcon.colcon_core.package_discovery:discover_packages(recursive) discover
[0.690s] INFO:colcon.colcon_core.package_discovery:Crawling recursively for packages in '/home/wens/ugv_ws'
[0.690s] Level 1:colcon.colcon_core.package_identification:_identify(.) by extensions ['ignore', 'ignore_ament_install']
[0.690s] Level 1:colcon.colcon_core.package_identification:_identify(.) by extension 'ignore'
[0.691s] Level 1:colcon.colcon_core.package_identification:_identify(.) by extension 'ignore_ament_install'
[0.691s] Level 1:colcon.colcon_core.package_identification:_identify(.) by extensions ['colcon_pkg']
[0.691s] Level 1:colcon.colcon_core.package_identification:_identify(.) by extension 'colcon_pkg'
[0.691s] Level 1:colcon.colcon_core.package_identification:_identify(.) by extensions ['colcon_meta']
[0.691s] Level 1:colcon.colcon_core.package_identification:_identify(.) by extension 'colcon_meta'
[0.691s] Level 1:colcon.colcon_core.package_identification:_identify(.) by extensions ['ros']
[0.691s] Level 1:colcon.colcon_core.package_identification:_identify(.) by extension 'ros'
[0.716s] Level 1:colcon.colcon_core.package_identification:_identify(.) by extensions ['cmake', 'python']
[0.716s] Level 1:colcon.colcon_core.package_identification:_identify(.) by extension 'cmake'
[0.716s] Level 1:colcon.colcon_core.package_identification:_identify(.) by extension 'python'
[0.716s] Level 1:colcon.colcon_core.package_identification:_identify(.) by extensions ['python_setup_py']
[0.716s] Level 1:colcon.colcon_core.package_identification:_identify(.) by extension 'python_setup_py'
[0.716s] Level 1:colcon.colcon_core.package_identification:_identify(build) by extensions ['ignore', 'ignore_ament_install']
[0.717s] Level 1:colcon.colcon_core.package_identification:_identify(build) by extension 'ignore'
[0.717s] Level 1:colcon.colcon_core.package_identification:_identify(build) ignored
[0.717s] Level 1:colcon.colcon_core.package_identification:_identify(install) by extensions ['ignore', 'ignore_ament_install']
[0.717s] Level 1:colcon.colcon_core.package_identification:_identify(install) by extension 'ignore'
[0.717s] Level 1:colcon.colcon_core.package_identification:_identify(install) ignored
[0.718s] Level 1:colcon.colcon_core.package_identification:_identify(log) by extensions ['ignore', 'ignore_ament_install']
[0.718s] Level 1:colcon.colcon_core.package_identification:_identify(log) by extension 'ignore'
[0.718s] Level 1:colcon.colcon_core.package_identification:_identify(log) ignored
[0.718s] Level 1:colcon.colcon_core.package_identification:_identify(src) by extensions ['ignore', 'ignore_ament_install']
[0.718s] Level 1:colcon.colcon_core.package_identification:_identify(src) by extension 'ignore'
[0.719s] Level 1:colcon.colcon_core.package_identification:_identify(src) by extension 'ignore_ament_install'
[0.719s] Level 1:colcon.colcon_core.package_identification:_identify(src) by extensions ['colcon_pkg']
[0.719s] Level 1:colcon.colcon_core.package_identification:_identify(src) by extension 'colcon_pkg'
[0.719s] Level 1:colcon.colcon_core.package_identification:_identify(src) by extensions ['colcon_meta']
[0.719s] Level 1:colcon.colcon_core.package_identification:_identify(src) by extension 'colcon_meta'
[0.719s] Level 1:colcon.colcon_core.package_identification:_identify(src) by extensions ['ros']
[0.719s] Level 1:colcon.colcon_core.package_identification:_identify(src) by extension 'ros'
[0.719s] Level 1:colcon.colcon_core.package_identification:_identify(src) by extensions ['cmake', 'python']
[0.719s] Level 1:colcon.colcon_core.package_identification:_identify(src) by extension 'cmake'
[0.720s] Level 1:colcon.colcon_core.package_identification:_identify(src) by extension 'python'
[0.720s] Level 1:colcon.colcon_core.package_identification:_identify(src) by extensions ['python_setup_py']
[0.720s] Level 1:colcon.colcon_core.package_identification:_identify(src) by extension 'python_setup_py'
[0.720s] Level 1:colcon.colcon_core.package_identification:_identify(src/rosmaster_base_package) by extensions ['ignore', 'ignore_ament_install']
[0.720s] Level 1:colcon.colcon_core.package_identification:_identify(src/rosmaster_base_package) by extension 'ignore'
[0.720s] Level 1:colcon.colcon_core.package_identification:_identify(src/rosmaster_base_package) by extension 'ignore_ament_install'
[0.720s] Level 1:colcon.colcon_core.package_identification:_identify(src/rosmaster_base_package) by extensions ['colcon_pkg']
[0.720s] Level 1:colcon.colcon_core.package_identification:_identify(src/rosmaster_base_package) by extension 'colcon_pkg'
[0.721s] Level 1:colcon.colcon_core.package_identification:_identify(src/rosmaster_base_package) by extensions ['colcon_meta']
[0.721s] Level 1:colcon.colcon_core.package_identification:_identify(src/rosmaster_base_package) by extension 'colcon_meta'
[0.721s] Level 1:colcon.colcon_core.package_identification:_identify(src/rosmaster_base_package) by extensions ['ros']
[0.721s] Level 1:colcon.colcon_core.package_identification:_identify(src/rosmaster_base_package) by extension 'ros'
[0.726s] DEBUG:colcon.colcon_core.package_identification:Package 'src/rosmaster_base_package' with type 'ros.ament_python' and name 'rosmaster_base_package'
[0.727s] Level 1:colcon.colcon_core.package_identification:_identify(src/rosmaster_description) by extensions ['ignore', 'ignore_ament_install']
[0.727s] Level 1:colcon.colcon_core.package_identification:_identify(src/rosmaster_description) by extension 'ignore'
[0.727s] Level 1:colcon.colcon_core.package_identification:_identify(src/rosmaster_description) by extension 'ignore_ament_install'
[0.727s] Level 1:colcon.colcon_core.package_identification:_identify(src/rosmaster_description) by extensions ['colcon_pkg']
[0.727s] Level 1:colcon.colcon_core.package_identification:_identify(src/rosmaster_description) by extension 'colcon_pkg'
[0.727s] Level 1:colcon.colcon_core.package_identification:_identify(src/rosmaster_description) by extensions ['colcon_meta']
[0.727s] Level 1:colcon.colcon_core.package_identification:_identify(src/rosmaster_description) by extension 'colcon_meta'
[0.728s] Level 1:colcon.colcon_core.package_identification:_identify(src/rosmaster_description) by extensions ['ros']
[0.728s] Level 1:colcon.colcon_core.package_identification:_identify(src/rosmaster_description) by extension 'ros'
[0.729s] DEBUG:colcon.colcon_core.package_identification:Package 'src/rosmaster_description' with type 'ros.ament_python' and name 'rosmaster_description'
[0.729s] Level 1:colcon.colcon_core.package_discovery:discover_packages(recursive) using defaults
[0.729s] Level 1:colcon.colcon_core.package_discovery:discover_packages(ignore) discover
[0.729s] Level 1:colcon.colcon_core.package_discovery:discover_packages(ignore) using defaults
[0.729s] Level 1:colcon.colcon_core.package_discovery:discover_packages(path) discover
[0.729s] Level 1:colcon.colcon_core.package_discovery:discover_packages(path) using defaults
[0.809s] Level 1:colcon.colcon_core.package_discovery:discover_packages(prefix_path) check parameters
[0.809s] Level 1:colcon.colcon_core.package_discovery:discover_packages(prefix_path) discover
[0.814s] DEBUG:colcon.colcon_installed_package_information.package_discovery:Found 2 installed packages in /home/wens/ugv_ws/install
[0.815s] DEBUG:colcon.colcon_installed_package_information.package_discovery:Found 6 installed packages in /home/wens/ros2_ws/install
[0.818s] DEBUG:colcon.colcon_installed_package_information.package_discovery:Found 281 installed packages in /opt/ros/humble
[0.820s] Level 1:colcon.colcon_core.package_discovery:discover_packages(prefix_path) using defaults
[0.910s] Level 5:colcon.colcon_core.verb:set package 'rosmaster_base_package' build argument 'cmake_args' from command line to 'None'
[0.910s] Level 5:colcon.colcon_core.verb:set package 'rosmaster_base_package' build argument 'cmake_target' from command line to 'None'
[0.911s] Level 5:colcon.colcon_core.verb:set package 'rosmaster_base_package' build argument 'cmake_target_skip_unavailable' from command line to 'False'
[0.911s] Level 5:colcon.colcon_core.verb:set package 'rosmaster_base_package' build argument 'cmake_clean_cache' from command line to 'False'
[0.911s] Level 5:colcon.colcon_core.verb:set package 'rosmaster_base_package' build argument 'cmake_clean_first' from command line to 'False'
[0.911s] Level 5:colcon.colcon_core.verb:set package 'rosmaster_base_package' build argument 'cmake_force_configure' from command line to 'False'
[0.911s] Level 5:colcon.colcon_core.verb:set package 'rosmaster_base_package' build argument 'ament_cmake_args' from command line to 'None'
[0.911s] Level 5:colcon.colcon_core.verb:set package 'rosmaster_base_package' build argument 'catkin_cmake_args' from command line to 'None'
[0.911s] Level 5:colcon.colcon_core.verb:set package 'rosmaster_base_package' build argument 'catkin_skip_building_tests' from command line to 'False'
[0.911s] DEBUG:colcon.colcon_core.verb:Building package 'rosmaster_base_package' with the following arguments: {'ament_cmake_args': None, 'build_base': '/home/wens/ugv_ws/build/rosmaster_base_package', 'catkin_cmake_args': None, 'catkin_skip_building_tests': False, 'cmake_args': None, 'cmake_clean_cache': False, 'cmake_clean_first': False, 'cmake_force_configure': False, 'cmake_target': None, 'cmake_target_skip_unavailable': False, 'install_base': '/home/wens/ugv_ws/install/rosmaster_base_package', 'merge_install': False, 'path': '/home/wens/ugv_ws/src/rosmaster_base_package', 'symlink_install': True, 'test_result_base': None}
[0.912s] Level 5:colcon.colcon_core.verb:set package 'rosmaster_description' build argument 'cmake_args' from command line to 'None'
[0.912s] Level 5:colcon.colcon_core.verb:set package 'rosmaster_description' build argument 'cmake_target' from command line to 'None'
[0.912s] Level 5:colcon.colcon_core.verb:set package 'rosmaster_description' build argument 'cmake_target_skip_unavailable' from command line to 'False'
[0.912s] Level 5:colcon.colcon_core.verb:set package 'rosmaster_description' build argument 'cmake_clean_cache' from command line to 'False'
[0.912s] Level 5:colcon.colcon_core.verb:set package 'rosmaster_description' build argument 'cmake_clean_first' from command line to 'False'
[0.912s] Level 5:colcon.colcon_core.verb:set package 'rosmaster_description' build argument 'cmake_force_configure' from command line to 'False'
[0.912s] Level 5:colcon.colcon_core.verb:set package 'rosmaster_description' build argument 'ament_cmake_args' from command line to 'None'
[0.912s] Level 5:colcon.colcon_core.verb:set package 'rosmaster_description' build argument 'catkin_cmake_args' from command line to 'None'
[0.912s] Level 5:colcon.colcon_core.verb:set package 'rosmaster_description' build argument 'catkin_skip_building_tests' from command line to 'False'
[0.912s] DEBUG:colcon.colcon_core.verb:Building package 'rosmaster_description' with the following arguments: {'ament_cmake_args': None, 'build_base': '/home/wens/ugv_ws/build/rosmaster_description', 'catkin_cmake_args': None, 'catkin_skip_building_tests': False, 'cmake_args': None, 'cmake_clean_cache': False, 'cmake_clean_first': False, 'cmake_force_configure': False, 'cmake_target': None, 'cmake_target_skip_unavailable': False, 'install_base': '/home/wens/ugv_ws/install/rosmaster_description', 'merge_install': False, 'path': '/home/wens/ugv_ws/src/rosmaster_description', 'symlink_install': True, 'test_result_base': None}
[0.913s] INFO:colcon.colcon_core.executor:Executing jobs using 'parallel' executor
[0.915s] DEBUG:colcon.colcon_parallel_executor.executor.parallel:run_until_complete
[0.916s] INFO:colcon.colcon_ros.task.ament_python.build:Building ROS package in '/home/wens/ugv_ws/src/rosmaster_base_package' with build type 'ament_python'
[0.916s] Level 1:colcon.colcon_core.shell:create_environment_hook('rosmaster_base_package', 'ament_prefix_path')
[0.921s] INFO:colcon.colcon_core.plugin_system:Skipping extension 'colcon_core.shell.bat': Not used on non-Windows systems
[0.921s] INFO:colcon.colcon_core.shell:Creating environment hook '/home/wens/ugv_ws/install/rosmaster_base_package/share/rosmaster_base_package/hook/ament_prefix_path.ps1'
[0.923s] INFO:colcon.colcon_core.shell:Creating environment descriptor '/home/wens/ugv_ws/install/rosmaster_base_package/share/rosmaster_base_package/hook/ament_prefix_path.dsv'
[0.924s] INFO:colcon.colcon_core.shell:Creating environment hook '/home/wens/ugv_ws/install/rosmaster_base_package/share/rosmaster_base_package/hook/ament_prefix_path.sh'
[0.926s] INFO:colcon.colcon_core.shell:Skip shell extension 'powershell' for command environment: Not usable outside of PowerShell
[0.926s] DEBUG:colcon.colcon_core.shell:Skip shell extension 'dsv' for command environment
[0.935s] INFO:colcon.colcon_ros.task.ament_python.build:Building ROS package in '/home/wens/ugv_ws/src/rosmaster_description' with build type 'ament_python'
[0.935s] Level 1:colcon.colcon_core.shell:create_environment_hook('rosmaster_description', 'ament_prefix_path')
[0.936s] INFO:colcon.colcon_core.shell:Creating environment hook '/home/wens/ugv_ws/install/rosmaster_description/share/rosmaster_description/hook/ament_prefix_path.ps1'
[0.938s] INFO:colcon.colcon_core.shell:Creating environment descriptor '/home/wens/ugv_ws/install/rosmaster_description/share/rosmaster_description/hook/ament_prefix_path.dsv'
[0.938s] INFO:colcon.colcon_core.shell:Creating environment hook '/home/wens/ugv_ws/install/rosmaster_description/share/rosmaster_description/hook/ament_prefix_path.sh'
[0.940s] INFO:colcon.colcon_core.shell:Skip shell extension 'powershell' for command environment: Not usable outside of PowerShell
[0.940s] DEBUG:colcon.colcon_core.shell:Skip shell extension 'dsv' for command environment
[1.642s] INFO:colcon.colcon_core.task.python.build:Building Python package in '/home/wens/ugv_ws/src/rosmaster_base_package'
[1.644s] INFO:colcon.colcon_core.shell:Skip shell extension 'powershell' for command environment: Not usable outside of PowerShell
[1.644s] DEBUG:colcon.colcon_core.shell:Skip shell extension 'dsv' for command environment
[2.407s] DEBUG:colcon.colcon_parallel_executor.executor.parallel:closing loop
[2.407s] DEBUG:colcon.colcon_parallel_executor.executor.parallel:loop closed
[2.408s] DEBUG:colcon.colcon_parallel_executor.executor.parallel:run_until_complete finished with 'Command '['/usr/bin/python3', '-c', 'import sys;from contextlib import suppress;exec("with suppress(ImportError):    from setuptools.extern.packaging.specifiers    import SpecifierSet");exec("with suppress(ImportError):    from packaging.specifiers import SpecifierSet");from distutils.core import run_setup;dist = run_setup(    \'setup.py\', script_args=(\'--dry-run\',), stop_after=\'config\');skip_keys = (\'cmdclass\', \'distclass\', \'ext_modules\', \'metadata\');data = {    key: value for key, value in dist.__dict__.items()     if (        not key.startswith(\'_\') and         not callable(value) and         key not in skip_keys and         key not in dist.display_option_names    )};data[\'metadata\'] = {    k: v for k, v in dist.metadata.__dict__.items()     if k not in (\'license_files\', \'provides_extras\')};sys.stdout.buffer.write(repr(data).encode(\'utf-8\'))']' returned non-zero exit status 1.'
[2.408s] DEBUG:colcon.colcon_core.event_reactor:joining thread
[2.436s] INFO:colcon.colcon_core.plugin_system:Skipping extension 'colcon_notification.desktop_notification.terminal_notifier': Not used on non-Darwin systems
[2.439s] INFO:colcon.colcon_core.plugin_system:Skipping extension 'colcon_notification.desktop_notification.win32': Not used on non-Windows systems
[2.439s] INFO:colcon.colcon_notification.desktop_notification:Sending desktop notification using 'notify2'
[2.481s] DEBUG:colcon.colcon_core.event_reactor:joined thread
[2.482s] INFO:colcon.colcon_core.shell:Creating prefix script '/home/wens/ugv_ws/install/local_setup.ps1'
[2.485s] INFO:colcon.colcon_core.shell:Creating prefix util module '/home/wens/ugv_ws/install/_local_setup_util_ps1.py'
[2.489s] INFO:colcon.colcon_core.shell:Creating prefix chain script '/home/wens/ugv_ws/install/setup.ps1'
[2.494s] INFO:colcon.colcon_core.shell:Creating prefix script '/home/wens/ugv_ws/install/local_setup.sh'
[2.495s] INFO:colcon.colcon_core.shell:Creating prefix util module '/home/wens/ugv_ws/install/_local_setup_util_sh.py'
[2.497s] INFO:colcon.colcon_core.shell:Creating prefix chain script '/home/wens/ugv_ws/install/setup.sh'
[2.500s] INFO:colcon.colcon_core.shell:Creating prefix script '/home/wens/ugv_ws/install/local_setup.bash'
[2.501s] INFO:colcon.colcon_core.shell:Creating prefix chain script '/home/wens/ugv_ws/install/setup.bash'
[2.504s] INFO:colcon.colcon_core.shell:Creating prefix script '/home/wens/ugv_ws/install/local_setup.zsh'
[2.505s] INFO:colcon.colcon_core.shell:Creating prefix chain script '/home/wens/ugv_ws/install/setup.zsh'
