[0.349s] DEBUG:colcon:Command line arguments: ['/usr/bin/colcon', 'build', '--symlink-install']
[0.350s] DEBUG:colcon:Parsed command line arguments: Namespace(log_base=None, log_level=None, verb_name='build', build_base='build', install_base='install', merge_install=False, symlink_install=True, test_result_base=None, continue_on_error=False, executor='parallel', parallel_workers=6, event_handlers=None, ignore_user_meta=False, metas=['./colcon.meta'], base_paths=['.'], packages_ignore=None, packages_ignore_regex=None, paths=None, packages_up_to=None, packages_up_to_regex=None, packages_above=None, packages_above_and_dependencies=None, packages_above_depth=None, packages_select_by_dep=None, packages_skip_by_dep=None, packages_skip_up_to=None, packages_select_build_failed=False, packages_skip_build_finished=False, packages_select_test_failures=False, packages_skip_test_passed=False, packages_select=None, packages_skip=None, packages_select_regex=None, packages_skip_regex=None, packages_start=None, packages_end=None, allow_overriding=[], cmake_args=None, cmake_target=None, cmake_target_skip_unavailable=False, cmake_clean_cache=False, cmake_clean_first=False, cmake_force_configure=False, ament_cmake_args=None, catkin_cmake_args=None, catkin_skip_building_tests=False, verb_parser=<colcon_defaults.argument_parser.defaults.DefaultArgumentsDecorator object at 0xffff9b148550>, verb_extension=<colcon_core.verb.build.BuildVerb object at 0xffff9b113fd0>, main=<bound method BuildVerb.main of <colcon_core.verb.build.BuildVerb object at 0xffff9b113fd0>>)
[0.843s] Level 1:colcon.colcon_core.package_discovery:discover_packages(colcon_meta) check parameters
[0.843s] Level 1:colcon.colcon_core.package_discovery:discover_packages(recursive) check parameters
[0.843s] Level 1:colcon.colcon_core.package_discovery:discover_packages(ignore) check parameters
[0.843s] Level 1:colcon.colcon_core.package_discovery:discover_packages(path) check parameters
[0.843s] Level 1:colcon.colcon_core.package_discovery:discover_packages(colcon_meta) discover
[0.844s] Level 1:colcon.colcon_core.package_discovery:discover_packages(recursive) discover
[0.844s] INFO:colcon.colcon_core.package_discovery:Crawling recursively for packages in '/home/wens/ugv_ws'
[0.844s] Level 1:colcon.colcon_core.package_identification:_identify(.) by extensions ['ignore', 'ignore_ament_install']
[0.844s] Level 1:colcon.colcon_core.package_identification:_identify(.) by extension 'ignore'
[0.845s] Level 1:colcon.colcon_core.package_identification:_identify(.) by extension 'ignore_ament_install'
[0.845s] Level 1:colcon.colcon_core.package_identification:_identify(.) by extensions ['colcon_pkg']
[0.845s] Level 1:colcon.colcon_core.package_identification:_identify(.) by extension 'colcon_pkg'
[0.845s] Level 1:colcon.colcon_core.package_identification:_identify(.) by extensions ['colcon_meta']
[0.845s] Level 1:colcon.colcon_core.package_identification:_identify(.) by extension 'colcon_meta'
[0.845s] Level 1:colcon.colcon_core.package_identification:_identify(.) by extensions ['ros']
[0.845s] Level 1:colcon.colcon_core.package_identification:_identify(.) by extension 'ros'
[0.871s] Level 1:colcon.colcon_core.package_identification:_identify(.) by extensions ['cmake', 'python']
[0.872s] Level 1:colcon.colcon_core.package_identification:_identify(.) by extension 'cmake'
[0.872s] Level 1:colcon.colcon_core.package_identification:_identify(.) by extension 'python'
[0.872s] Level 1:colcon.colcon_core.package_identification:_identify(.) by extensions ['python_setup_py']
[0.872s] Level 1:colcon.colcon_core.package_identification:_identify(.) by extension 'python_setup_py'
[0.873s] Level 1:colcon.colcon_core.package_identification:_identify(build) by extensions ['ignore', 'ignore_ament_install']
[0.873s] Level 1:colcon.colcon_core.package_identification:_identify(build) by extension 'ignore'
[0.873s] Level 1:colcon.colcon_core.package_identification:_identify(build) ignored
[0.874s] Level 1:colcon.colcon_core.package_identification:_identify(install) by extensions ['ignore', 'ignore_ament_install']
[0.874s] Level 1:colcon.colcon_core.package_identification:_identify(install) by extension 'ignore'
[0.874s] Level 1:colcon.colcon_core.package_identification:_identify(install) ignored
[0.875s] Level 1:colcon.colcon_core.package_identification:_identify(log) by extensions ['ignore', 'ignore_ament_install']
[0.875s] Level 1:colcon.colcon_core.package_identification:_identify(log) by extension 'ignore'
[0.875s] Level 1:colcon.colcon_core.package_identification:_identify(log) ignored
[0.876s] Level 1:colcon.colcon_core.package_identification:_identify(src) by extensions ['ignore', 'ignore_ament_install']
[0.876s] Level 1:colcon.colcon_core.package_identification:_identify(src) by extension 'ignore'
[0.876s] Level 1:colcon.colcon_core.package_identification:_identify(src) by extension 'ignore_ament_install'
[0.876s] Level 1:colcon.colcon_core.package_identification:_identify(src) by extensions ['colcon_pkg']
[0.876s] Level 1:colcon.colcon_core.package_identification:_identify(src) by extension 'colcon_pkg'
[0.876s] Level 1:colcon.colcon_core.package_identification:_identify(src) by extensions ['colcon_meta']
[0.876s] Level 1:colcon.colcon_core.package_identification:_identify(src) by extension 'colcon_meta'
[0.876s] Level 1:colcon.colcon_core.package_identification:_identify(src) by extensions ['ros']
[0.877s] Level 1:colcon.colcon_core.package_identification:_identify(src) by extension 'ros'
[0.877s] Level 1:colcon.colcon_core.package_identification:_identify(src) by extensions ['cmake', 'python']
[0.877s] Level 1:colcon.colcon_core.package_identification:_identify(src) by extension 'cmake'
[0.877s] Level 1:colcon.colcon_core.package_identification:_identify(src) by extension 'python'
[0.877s] Level 1:colcon.colcon_core.package_identification:_identify(src) by extensions ['python_setup_py']
[0.877s] Level 1:colcon.colcon_core.package_identification:_identify(src) by extension 'python_setup_py'
[0.877s] Level 1:colcon.colcon_core.package_identification:_identify(src/rosmaster_base_package) by extensions ['ignore', 'ignore_ament_install']
[0.878s] Level 1:colcon.colcon_core.package_identification:_identify(src/rosmaster_base_package) by extension 'ignore'
[0.878s] Level 1:colcon.colcon_core.package_identification:_identify(src/rosmaster_base_package) by extension 'ignore_ament_install'
[0.878s] Level 1:colcon.colcon_core.package_identification:_identify(src/rosmaster_base_package) by extensions ['colcon_pkg']
[0.878s] Level 1:colcon.colcon_core.package_identification:_identify(src/rosmaster_base_package) by extension 'colcon_pkg'
[0.878s] Level 1:colcon.colcon_core.package_identification:_identify(src/rosmaster_base_package) by extensions ['colcon_meta']
[0.878s] Level 1:colcon.colcon_core.package_identification:_identify(src/rosmaster_base_package) by extension 'colcon_meta'
[0.878s] Level 1:colcon.colcon_core.package_identification:_identify(src/rosmaster_base_package) by extensions ['ros']
[0.878s] Level 1:colcon.colcon_core.package_identification:_identify(src/rosmaster_base_package) by extension 'ros'
[0.885s] DEBUG:colcon.colcon_core.package_identification:Package 'src/rosmaster_base_package' with type 'ros.ament_python' and name 'rosmaster_base_package'
[0.885s] Level 1:colcon.colcon_core.package_identification:_identify(src/rosmaster_description) by extensions ['ignore', 'ignore_ament_install']
[0.886s] Level 1:colcon.colcon_core.package_identification:_identify(src/rosmaster_description) by extension 'ignore'
[0.886s] Level 1:colcon.colcon_core.package_identification:_identify(src/rosmaster_description) by extension 'ignore_ament_install'
[0.886s] Level 1:colcon.colcon_core.package_identification:_identify(src/rosmaster_description) by extensions ['colcon_pkg']
[0.886s] Level 1:colcon.colcon_core.package_identification:_identify(src/rosmaster_description) by extension 'colcon_pkg'
[0.886s] Level 1:colcon.colcon_core.package_identification:_identify(src/rosmaster_description) by extensions ['colcon_meta']
[0.886s] Level 1:colcon.colcon_core.package_identification:_identify(src/rosmaster_description) by extension 'colcon_meta'
[0.886s] Level 1:colcon.colcon_core.package_identification:_identify(src/rosmaster_description) by extensions ['ros']
[0.887s] Level 1:colcon.colcon_core.package_identification:_identify(src/rosmaster_description) by extension 'ros'
[0.888s] DEBUG:colcon.colcon_core.package_identification:Package 'src/rosmaster_description' with type 'ros.ament_python' and name 'rosmaster_description'
[0.888s] Level 1:colcon.colcon_core.package_discovery:discover_packages(recursive) using defaults
[0.888s] Level 1:colcon.colcon_core.package_discovery:discover_packages(ignore) discover
[0.888s] Level 1:colcon.colcon_core.package_discovery:discover_packages(ignore) using defaults
[0.888s] Level 1:colcon.colcon_core.package_discovery:discover_packages(path) discover
[0.888s] Level 1:colcon.colcon_core.package_discovery:discover_packages(path) using defaults
[0.977s] Level 1:colcon.colcon_core.package_discovery:discover_packages(prefix_path) check parameters
[0.977s] Level 1:colcon.colcon_core.package_discovery:discover_packages(prefix_path) discover
[0.982s] DEBUG:colcon.colcon_installed_package_information.package_discovery:Found 2 installed packages in /home/wens/ugv_ws/install
[0.983s] DEBUG:colcon.colcon_installed_package_information.package_discovery:Found 6 installed packages in /home/wens/ros2_ws/install
[0.986s] DEBUG:colcon.colcon_installed_package_information.package_discovery:Found 281 installed packages in /opt/ros/humble
[0.989s] Level 1:colcon.colcon_core.package_discovery:discover_packages(prefix_path) using defaults
[1.084s] Level 5:colcon.colcon_core.verb:set package 'rosmaster_base_package' build argument 'cmake_args' from command line to 'None'
[1.084s] Level 5:colcon.colcon_core.verb:set package 'rosmaster_base_package' build argument 'cmake_target' from command line to 'None'
[1.085s] Level 5:colcon.colcon_core.verb:set package 'rosmaster_base_package' build argument 'cmake_target_skip_unavailable' from command line to 'False'
[1.085s] Level 5:colcon.colcon_core.verb:set package 'rosmaster_base_package' build argument 'cmake_clean_cache' from command line to 'False'
[1.085s] Level 5:colcon.colcon_core.verb:set package 'rosmaster_base_package' build argument 'cmake_clean_first' from command line to 'False'
[1.085s] Level 5:colcon.colcon_core.verb:set package 'rosmaster_base_package' build argument 'cmake_force_configure' from command line to 'False'
[1.085s] Level 5:colcon.colcon_core.verb:set package 'rosmaster_base_package' build argument 'ament_cmake_args' from command line to 'None'
[1.085s] Level 5:colcon.colcon_core.verb:set package 'rosmaster_base_package' build argument 'catkin_cmake_args' from command line to 'None'
[1.085s] Level 5:colcon.colcon_core.verb:set package 'rosmaster_base_package' build argument 'catkin_skip_building_tests' from command line to 'False'
[1.085s] DEBUG:colcon.colcon_core.verb:Building package 'rosmaster_base_package' with the following arguments: {'ament_cmake_args': None, 'build_base': '/home/wens/ugv_ws/build/rosmaster_base_package', 'catkin_cmake_args': None, 'catkin_skip_building_tests': False, 'cmake_args': None, 'cmake_clean_cache': False, 'cmake_clean_first': False, 'cmake_force_configure': False, 'cmake_target': None, 'cmake_target_skip_unavailable': False, 'install_base': '/home/wens/ugv_ws/install/rosmaster_base_package', 'merge_install': False, 'path': '/home/wens/ugv_ws/src/rosmaster_base_package', 'symlink_install': True, 'test_result_base': None}
[1.086s] Level 5:colcon.colcon_core.verb:set package 'rosmaster_description' build argument 'cmake_args' from command line to 'None'
[1.086s] Level 5:colcon.colcon_core.verb:set package 'rosmaster_description' build argument 'cmake_target' from command line to 'None'
[1.086s] Level 5:colcon.colcon_core.verb:set package 'rosmaster_description' build argument 'cmake_target_skip_unavailable' from command line to 'False'
[1.086s] Level 5:colcon.colcon_core.verb:set package 'rosmaster_description' build argument 'cmake_clean_cache' from command line to 'False'
[1.086s] Level 5:colcon.colcon_core.verb:set package 'rosmaster_description' build argument 'cmake_clean_first' from command line to 'False'
[1.086s] Level 5:colcon.colcon_core.verb:set package 'rosmaster_description' build argument 'cmake_force_configure' from command line to 'False'
[1.086s] Level 5:colcon.colcon_core.verb:set package 'rosmaster_description' build argument 'ament_cmake_args' from command line to 'None'
[1.086s] Level 5:colcon.colcon_core.verb:set package 'rosmaster_description' build argument 'catkin_cmake_args' from command line to 'None'
[1.086s] Level 5:colcon.colcon_core.verb:set package 'rosmaster_description' build argument 'catkin_skip_building_tests' from command line to 'False'
[1.087s] DEBUG:colcon.colcon_core.verb:Building package 'rosmaster_description' with the following arguments: {'ament_cmake_args': None, 'build_base': '/home/wens/ugv_ws/build/rosmaster_description', 'catkin_cmake_args': None, 'catkin_skip_building_tests': False, 'cmake_args': None, 'cmake_clean_cache': False, 'cmake_clean_first': False, 'cmake_force_configure': False, 'cmake_target': None, 'cmake_target_skip_unavailable': False, 'install_base': '/home/wens/ugv_ws/install/rosmaster_description', 'merge_install': False, 'path': '/home/wens/ugv_ws/src/rosmaster_description', 'symlink_install': True, 'test_result_base': None}
[1.087s] INFO:colcon.colcon_core.executor:Executing jobs using 'parallel' executor
[1.089s] DEBUG:colcon.colcon_parallel_executor.executor.parallel:run_until_complete
[1.090s] INFO:colcon.colcon_ros.task.ament_python.build:Building ROS package in '/home/wens/ugv_ws/src/rosmaster_base_package' with build type 'ament_python'
[1.090s] Level 1:colcon.colcon_core.shell:create_environment_hook('rosmaster_base_package', 'ament_prefix_path')
[1.096s] INFO:colcon.colcon_core.plugin_system:Skipping extension 'colcon_core.shell.bat': Not used on non-Windows systems
[1.096s] INFO:colcon.colcon_core.shell:Creating environment hook '/home/wens/ugv_ws/install/rosmaster_base_package/share/rosmaster_base_package/hook/ament_prefix_path.ps1'
[1.098s] INFO:colcon.colcon_core.shell:Creating environment descriptor '/home/wens/ugv_ws/install/rosmaster_base_package/share/rosmaster_base_package/hook/ament_prefix_path.dsv'
[1.099s] INFO:colcon.colcon_core.shell:Creating environment hook '/home/wens/ugv_ws/install/rosmaster_base_package/share/rosmaster_base_package/hook/ament_prefix_path.sh'
[1.101s] INFO:colcon.colcon_core.shell:Skip shell extension 'powershell' for command environment: Not usable outside of PowerShell
[1.101s] DEBUG:colcon.colcon_core.shell:Skip shell extension 'dsv' for command environment
[1.109s] INFO:colcon.colcon_ros.task.ament_python.build:Building ROS package in '/home/wens/ugv_ws/src/rosmaster_description' with build type 'ament_python'
[1.109s] Level 1:colcon.colcon_core.shell:create_environment_hook('rosmaster_description', 'ament_prefix_path')
[1.110s] INFO:colcon.colcon_core.shell:Creating environment hook '/home/wens/ugv_ws/install/rosmaster_description/share/rosmaster_description/hook/ament_prefix_path.ps1'
[1.111s] INFO:colcon.colcon_core.shell:Creating environment descriptor '/home/wens/ugv_ws/install/rosmaster_description/share/rosmaster_description/hook/ament_prefix_path.dsv'
[1.112s] INFO:colcon.colcon_core.shell:Creating environment hook '/home/wens/ugv_ws/install/rosmaster_description/share/rosmaster_description/hook/ament_prefix_path.sh'
[1.114s] INFO:colcon.colcon_core.shell:Skip shell extension 'powershell' for command environment: Not usable outside of PowerShell
[1.114s] DEBUG:colcon.colcon_core.shell:Skip shell extension 'dsv' for command environment
[1.843s] INFO:colcon.colcon_core.task.python.build:Building Python package in '/home/wens/ugv_ws/src/rosmaster_base_package'
[1.844s] INFO:colcon.colcon_core.shell:Skip shell extension 'powershell' for command environment: Not usable outside of PowerShell
[1.844s] DEBUG:colcon.colcon_core.shell:Skip shell extension 'dsv' for command environment
[2.567s] INFO:colcon.colcon_core.task.python.build:Building Python package in '/home/wens/ugv_ws/src/rosmaster_description'
[2.567s] INFO:colcon.colcon_core.shell:Skip shell extension 'powershell' for command environment: Not usable outside of PowerShell
[2.568s] DEBUG:colcon.colcon_core.shell:Skip shell extension 'dsv' for command environment
[3.531s] DEBUG:colcon.colcon_core.event_handler.log_command:Invoking command in '/home/wens/ugv_ws/build/rosmaster_description': PYTHONPATH=/home/wens/ugv_ws/build/rosmaster_description/prefix_override:/usr/lib/python3/dist-packages/colcon_core/task/python/colcon_distutils_commands:/home/wens/ugv_ws/install/rosmaster_description/lib/python3.10/site-packages:${PYTHONPATH} /usr/bin/python3 -W ignore:setup.py install is deprecated -W ignore:easy_install command is deprecated setup.py develop --editable --build-directory /home/wens/ugv_ws/build/rosmaster_description/build --no-deps symlink_data
[3.694s] DEBUG:colcon.colcon_core.event_handler.log_command:Invoking command in '/home/wens/ugv_ws/build/rosmaster_base_package': PYTHONPATH=/home/wens/ugv_ws/build/rosmaster_base_package/prefix_override:/usr/lib/python3/dist-packages/colcon_core/task/python/colcon_distutils_commands:/home/wens/ugv_ws/install/rosmaster_base_package/lib/python3.10/site-packages:${PYTHONPATH} /usr/bin/python3 -W ignore:setup.py install is deprecated -W ignore:easy_install command is deprecated setup.py develop --editable --build-directory /home/wens/ugv_ws/build/rosmaster_base_package/build --no-deps symlink_data
[4.841s] Level 1:colcon.colcon_core.shell:create_environment_hook('rosmaster_description', 'pythonpath_develop')
[4.843s] INFO:colcon.colcon_core.shell:Creating environment hook '/home/wens/ugv_ws/build/rosmaster_description/share/rosmaster_description/hook/pythonpath_develop.ps1'
[4.844s] DEBUG:colcon.colcon_core.event_handler.log_command:Invoked command in '/home/wens/ugv_ws/build/rosmaster_description' returned '0': PYTHONPATH=/home/wens/ugv_ws/build/rosmaster_description/prefix_override:/usr/lib/python3/dist-packages/colcon_core/task/python/colcon_distutils_commands:/home/wens/ugv_ws/install/rosmaster_description/lib/python3.10/site-packages:${PYTHONPATH} /usr/bin/python3 -W ignore:setup.py install is deprecated -W ignore:easy_install command is deprecated setup.py develop --editable --build-directory /home/wens/ugv_ws/build/rosmaster_description/build --no-deps symlink_data
[4.846s] INFO:colcon.colcon_core.shell:Creating environment descriptor '/home/wens/ugv_ws/build/rosmaster_description/share/rosmaster_description/hook/pythonpath_develop.dsv'
[4.847s] INFO:colcon.colcon_core.shell:Creating environment hook '/home/wens/ugv_ws/build/rosmaster_description/share/rosmaster_description/hook/pythonpath_develop.sh'
[4.856s] Level 1:colcon.colcon_core.environment:checking '/home/wens/ugv_ws/install/rosmaster_description' for CMake module files
[4.857s] Level 1:colcon.colcon_core.environment:checking '/home/wens/ugv_ws/install/rosmaster_description' for CMake config files
[4.859s] Level 1:colcon.colcon_core.environment:checking '/home/wens/ugv_ws/install/rosmaster_description/lib'
[4.859s] Level 1:colcon.colcon_core.environment:checking '/home/wens/ugv_ws/install/rosmaster_description/bin'
[4.860s] Level 1:colcon.colcon_core.environment:checking '/home/wens/ugv_ws/install/rosmaster_description/lib/pkgconfig/rosmaster_description.pc'
[4.861s] Level 1:colcon.colcon_core.environment:checking '/home/wens/ugv_ws/install/rosmaster_description/lib/python3.10/site-packages'
[4.861s] Level 1:colcon.colcon_core.shell:create_environment_hook('rosmaster_description', 'pythonpath')
[4.862s] INFO:colcon.colcon_core.shell:Creating environment hook '/home/wens/ugv_ws/install/rosmaster_description/share/rosmaster_description/hook/pythonpath.ps1'
[4.863s] INFO:colcon.colcon_core.shell:Creating environment descriptor '/home/wens/ugv_ws/install/rosmaster_description/share/rosmaster_description/hook/pythonpath.dsv'
[4.865s] INFO:colcon.colcon_core.shell:Creating environment hook '/home/wens/ugv_ws/install/rosmaster_description/share/rosmaster_description/hook/pythonpath.sh'
[4.866s] Level 1:colcon.colcon_core.environment:checking '/home/wens/ugv_ws/install/rosmaster_description/bin'
[4.867s] Level 1:colcon.colcon_core.environment:create_environment_scripts_only(rosmaster_description)
[4.868s] INFO:colcon.colcon_core.shell:Creating package script '/home/wens/ugv_ws/install/rosmaster_description/share/rosmaster_description/package.ps1'
[4.872s] INFO:colcon.colcon_core.shell:Creating package descriptor '/home/wens/ugv_ws/install/rosmaster_description/share/rosmaster_description/package.dsv'
[4.876s] INFO:colcon.colcon_core.shell:Creating package script '/home/wens/ugv_ws/install/rosmaster_description/share/rosmaster_description/package.sh'
[4.884s] INFO:colcon.colcon_core.shell:Creating package script '/home/wens/ugv_ws/install/rosmaster_description/share/rosmaster_description/package.bash'
[4.888s] INFO:colcon.colcon_core.shell:Creating package script '/home/wens/ugv_ws/install/rosmaster_description/share/rosmaster_description/package.zsh'
[4.893s] Level 1:colcon.colcon_core.environment:create_file_with_runtime_dependencies(/home/wens/ugv_ws/install/rosmaster_description/share/colcon-core/packages/rosmaster_description)
[4.982s] Level 1:colcon.colcon_core.shell:create_environment_hook('rosmaster_base_package', 'pythonpath_develop')
[4.983s] INFO:colcon.colcon_core.shell:Creating environment hook '/home/wens/ugv_ws/build/rosmaster_base_package/share/rosmaster_base_package/hook/pythonpath_develop.ps1'
[4.985s] DEBUG:colcon.colcon_core.event_handler.log_command:Invoked command in '/home/wens/ugv_ws/build/rosmaster_base_package' returned '0': PYTHONPATH=/home/wens/ugv_ws/build/rosmaster_base_package/prefix_override:/usr/lib/python3/dist-packages/colcon_core/task/python/colcon_distutils_commands:/home/wens/ugv_ws/install/rosmaster_base_package/lib/python3.10/site-packages:${PYTHONPATH} /usr/bin/python3 -W ignore:setup.py install is deprecated -W ignore:easy_install command is deprecated setup.py develop --editable --build-directory /home/wens/ugv_ws/build/rosmaster_base_package/build --no-deps symlink_data
[4.987s] INFO:colcon.colcon_core.shell:Creating environment descriptor '/home/wens/ugv_ws/build/rosmaster_base_package/share/rosmaster_base_package/hook/pythonpath_develop.dsv'
[4.988s] INFO:colcon.colcon_core.shell:Creating environment hook '/home/wens/ugv_ws/build/rosmaster_base_package/share/rosmaster_base_package/hook/pythonpath_develop.sh'
[4.990s] Level 1:colcon.colcon_core.environment:checking '/home/wens/ugv_ws/install/rosmaster_base_package' for CMake module files
[4.991s] Level 1:colcon.colcon_core.environment:checking '/home/wens/ugv_ws/install/rosmaster_base_package' for CMake config files
[4.993s] Level 1:colcon.colcon_core.environment:checking '/home/wens/ugv_ws/install/rosmaster_base_package/lib'
[4.993s] Level 1:colcon.colcon_core.environment:checking '/home/wens/ugv_ws/install/rosmaster_base_package/bin'
[4.994s] Level 1:colcon.colcon_core.environment:checking '/home/wens/ugv_ws/install/rosmaster_base_package/lib/pkgconfig/rosmaster_base_package.pc'
[4.995s] Level 1:colcon.colcon_core.environment:checking '/home/wens/ugv_ws/install/rosmaster_base_package/lib/python3.10/site-packages'
[4.996s] Level 1:colcon.colcon_core.shell:create_environment_hook('rosmaster_base_package', 'pythonpath')
[4.999s] INFO:colcon.colcon_core.shell:Creating environment hook '/home/wens/ugv_ws/install/rosmaster_base_package/share/rosmaster_base_package/hook/pythonpath.ps1'
[5.001s] INFO:colcon.colcon_core.shell:Creating environment descriptor '/home/wens/ugv_ws/install/rosmaster_base_package/share/rosmaster_base_package/hook/pythonpath.dsv'
[5.002s] INFO:colcon.colcon_core.shell:Creating environment hook '/home/wens/ugv_ws/install/rosmaster_base_package/share/rosmaster_base_package/hook/pythonpath.sh'
[5.007s] Level 1:colcon.colcon_core.environment:checking '/home/wens/ugv_ws/install/rosmaster_base_package/bin'
[5.007s] Level 1:colcon.colcon_core.environment:create_environment_scripts_only(rosmaster_base_package)
[5.008s] INFO:colcon.colcon_core.shell:Creating package script '/home/wens/ugv_ws/install/rosmaster_base_package/share/rosmaster_base_package/package.ps1'
[5.010s] INFO:colcon.colcon_core.shell:Creating package descriptor '/home/wens/ugv_ws/install/rosmaster_base_package/share/rosmaster_base_package/package.dsv'
[5.012s] INFO:colcon.colcon_core.shell:Creating package script '/home/wens/ugv_ws/install/rosmaster_base_package/share/rosmaster_base_package/package.sh'
[5.013s] INFO:colcon.colcon_core.shell:Creating package script '/home/wens/ugv_ws/install/rosmaster_base_package/share/rosmaster_base_package/package.bash'
[5.014s] INFO:colcon.colcon_core.shell:Creating package script '/home/wens/ugv_ws/install/rosmaster_base_package/share/rosmaster_base_package/package.zsh'
[5.015s] Level 1:colcon.colcon_core.environment:create_file_with_runtime_dependencies(/home/wens/ugv_ws/install/rosmaster_base_package/share/colcon-core/packages/rosmaster_base_package)
[5.017s] DEBUG:colcon.colcon_parallel_executor.executor.parallel:closing loop
[5.017s] DEBUG:colcon.colcon_parallel_executor.executor.parallel:loop closed
[5.017s] DEBUG:colcon.colcon_parallel_executor.executor.parallel:run_until_complete finished with '0'
[5.018s] DEBUG:colcon.colcon_core.event_reactor:joining thread
[5.040s] INFO:colcon.colcon_core.plugin_system:Skipping extension 'colcon_notification.desktop_notification.terminal_notifier': Not used on non-Darwin systems
[5.041s] INFO:colcon.colcon_core.plugin_system:Skipping extension 'colcon_notification.desktop_notification.win32': Not used on non-Windows systems
[5.041s] INFO:colcon.colcon_notification.desktop_notification:Sending desktop notification using 'notify2'
[5.083s] DEBUG:colcon.colcon_core.event_reactor:joined thread
[5.084s] INFO:colcon.colcon_core.shell:Creating prefix script '/home/wens/ugv_ws/install/local_setup.ps1'
[5.087s] INFO:colcon.colcon_core.shell:Creating prefix util module '/home/wens/ugv_ws/install/_local_setup_util_ps1.py'
[5.090s] INFO:colcon.colcon_core.shell:Creating prefix chain script '/home/wens/ugv_ws/install/setup.ps1'
[5.094s] INFO:colcon.colcon_core.shell:Creating prefix script '/home/wens/ugv_ws/install/local_setup.sh'
[5.095s] INFO:colcon.colcon_core.shell:Creating prefix util module '/home/wens/ugv_ws/install/_local_setup_util_sh.py'
[5.096s] INFO:colcon.colcon_core.shell:Creating prefix chain script '/home/wens/ugv_ws/install/setup.sh'
[5.100s] INFO:colcon.colcon_core.shell:Creating prefix script '/home/wens/ugv_ws/install/local_setup.bash'
[5.101s] INFO:colcon.colcon_core.shell:Creating prefix chain script '/home/wens/ugv_ws/install/setup.bash'
[5.104s] INFO:colcon.colcon_core.shell:Creating prefix script '/home/wens/ugv_ws/install/local_setup.zsh'
[5.105s] INFO:colcon.colcon_core.shell:Creating prefix chain script '/home/wens/ugv_ws/install/setup.zsh'
