[2.372s] Invoking command in '/home/wens/ugv_ws/build/rosmaster_description': PYTHONPATH=/home/wens/ugv_ws/build/rosmaster_description/prefix_override:/usr/lib/python3/dist-packages/colcon_core/task/python/colcon_distutils_commands:/home/wens/ugv_ws/install/rosmaster_description/lib/python3.10/site-packages:${PYTHONPATH} /usr/bin/python3 -W ignore:setup.py install is deprecated -W ignore:easy_install command is deprecated setup.py develop --editable --build-directory /home/wens/ugv_ws/build/rosmaster_description/build --no-deps symlink_data
[3.049s] running develop
[3.488s] running egg_info
[3.489s] creating rosmaster_description.egg-info
[3.489s] writing rosmaster_description.egg-info/PKG-INFO
[3.490s] writing dependency_links to rosmaster_description.egg-info/dependency_links.txt
[3.490s] writing entry points to rosmaster_description.egg-info/entry_points.txt
[3.490s] writing requirements to rosmaster_description.egg-info/requires.txt
[3.490s] writing top-level names to rosmaster_description.egg-info/top_level.txt
[3.491s] writing manifest file 'rosmaster_description.egg-info/SOURCES.txt'
[3.495s] reading manifest file 'rosmaster_description.egg-info/SOURCES.txt'
[3.496s] writing manifest file 'rosmaster_description.egg-info/SOURCES.txt'
[3.500s] running build_ext
[3.500s] Creating /home/wens/ugv_ws/install/rosmaster_description/lib/python3.10/site-packages/rosmaster-description.egg-link (link to .)
[3.502s] 
[3.503s] Installed /home/wens/ugv_ws/build/rosmaster_description
[3.503s] running symlink_data
[3.503s] creating /home/wens/ugv_ws/install/rosmaster_description/share/ament_index
[3.503s] creating /home/wens/ugv_ws/install/rosmaster_description/share/ament_index/resource_index
[3.504s] creating /home/wens/ugv_ws/install/rosmaster_description/share/ament_index/resource_index/packages
[3.504s] symbolically linking /home/wens/ugv_ws/build/rosmaster_description/resource/rosmaster_description -> /home/wens/ugv_ws/install/rosmaster_description/share/ament_index/resource_index/packages
[3.504s] symbolically linking /home/wens/ugv_ws/build/rosmaster_description/package.xml -> /home/wens/ugv_ws/install/rosmaster_description/share/rosmaster_description
[3.625s] Invoked command in '/home/wens/ugv_ws/build/rosmaster_description' returned '0': PYTHONPATH=/home/wens/ugv_ws/build/rosmaster_description/prefix_override:/usr/lib/python3/dist-packages/colcon_core/task/python/colcon_distutils_commands:/home/wens/ugv_ws/install/rosmaster_description/lib/python3.10/site-packages:${PYTHONPATH} /usr/bin/python3 -W ignore:setup.py install is deprecated -W ignore:easy_install command is deprecated setup.py develop --editable --build-directory /home/wens/ugv_ws/build/rosmaster_description/build --no-deps symlink_data
