[0.277s] DEBUG:colcon:Command line arguments: ['/usr/bin/colcon', 'build', '--symlink-install']
[0.278s] DEBUG:colcon:Parsed command line arguments: Namespace(log_base=None, log_level=None, verb_name='build', build_base='build', install_base='install', merge_install=False, symlink_install=True, test_result_base=None, continue_on_error=False, executor='parallel', parallel_workers=6, event_handlers=None, ignore_user_meta=False, metas=['./colcon.meta'], base_paths=['.'], packages_ignore=None, packages_ignore_regex=None, paths=None, packages_up_to=None, packages_up_to_regex=None, packages_above=None, packages_above_and_dependencies=None, packages_above_depth=None, packages_select_by_dep=None, packages_skip_by_dep=None, packages_skip_up_to=None, packages_select_build_failed=False, packages_skip_build_finished=False, packages_select_test_failures=False, packages_skip_test_passed=False, packages_select=None, packages_skip=None, packages_select_regex=None, packages_skip_regex=None, packages_start=None, packages_end=None, allow_overriding=[], cmake_args=None, cmake_target=None, cmake_target_skip_unavailable=False, cmake_clean_cache=False, cmake_clean_first=False, cmake_force_configure=False, ament_cmake_args=None, catkin_cmake_args=None, catkin_skip_building_tests=False, verb_parser=<colcon_defaults.argument_parser.defaults.DefaultArgumentsDecorator object at 0xffffa2fbca30>, verb_extension=<colcon_core.verb.build.BuildVerb object at 0xffffa2fbc4f0>, main=<bound method BuildVerb.main of <colcon_core.verb.build.BuildVerb object at 0xffffa2fbc4f0>>)
[0.721s] Level 1:colcon.colcon_core.package_discovery:discover_packages(colcon_meta) check parameters
[0.722s] Level 1:colcon.colcon_core.package_discovery:discover_packages(recursive) check parameters
[0.722s] Level 1:colcon.colcon_core.package_discovery:discover_packages(ignore) check parameters
[0.722s] Level 1:colcon.colcon_core.package_discovery:discover_packages(path) check parameters
[0.722s] Level 1:colcon.colcon_core.package_discovery:discover_packages(colcon_meta) discover
[0.722s] Level 1:colcon.colcon_core.package_discovery:discover_packages(recursive) discover
[0.722s] INFO:colcon.colcon_core.package_discovery:Crawling recursively for packages in '/home/wens/ugv_ws'
[0.722s] Level 1:colcon.colcon_core.package_identification:_identify(.) by extensions ['ignore', 'ignore_ament_install']
[0.723s] Level 1:colcon.colcon_core.package_identification:_identify(.) by extension 'ignore'
[0.723s] Level 1:colcon.colcon_core.package_identification:_identify(.) by extension 'ignore_ament_install'
[0.723s] Level 1:colcon.colcon_core.package_identification:_identify(.) by extensions ['colcon_pkg']
[0.723s] Level 1:colcon.colcon_core.package_identification:_identify(.) by extension 'colcon_pkg'
[0.723s] Level 1:colcon.colcon_core.package_identification:_identify(.) by extensions ['colcon_meta']
[0.723s] Level 1:colcon.colcon_core.package_identification:_identify(.) by extension 'colcon_meta'
[0.723s] Level 1:colcon.colcon_core.package_identification:_identify(.) by extensions ['ros']
[0.723s] Level 1:colcon.colcon_core.package_identification:_identify(.) by extension 'ros'
[0.749s] Level 1:colcon.colcon_core.package_identification:_identify(.) by extensions ['cmake', 'python']
[0.749s] Level 1:colcon.colcon_core.package_identification:_identify(.) by extension 'cmake'
[0.749s] Level 1:colcon.colcon_core.package_identification:_identify(.) by extension 'python'
[0.749s] Level 1:colcon.colcon_core.package_identification:_identify(.) by extensions ['python_setup_py']
[0.749s] Level 1:colcon.colcon_core.package_identification:_identify(.) by extension 'python_setup_py'
[0.750s] Level 1:colcon.colcon_core.package_identification:_identify(build) by extensions ['ignore', 'ignore_ament_install']
[0.750s] Level 1:colcon.colcon_core.package_identification:_identify(build) by extension 'ignore'
[0.750s] Level 1:colcon.colcon_core.package_identification:_identify(build) ignored
[0.750s] Level 1:colcon.colcon_core.package_identification:_identify(install) by extensions ['ignore', 'ignore_ament_install']
[0.751s] Level 1:colcon.colcon_core.package_identification:_identify(install) by extension 'ignore'
[0.751s] Level 1:colcon.colcon_core.package_identification:_identify(install) ignored
[0.751s] Level 1:colcon.colcon_core.package_identification:_identify(log) by extensions ['ignore', 'ignore_ament_install']
[0.752s] Level 1:colcon.colcon_core.package_identification:_identify(log) by extension 'ignore'
[0.752s] Level 1:colcon.colcon_core.package_identification:_identify(log) ignored
[0.752s] Level 1:colcon.colcon_core.package_identification:_identify(src) by extensions ['ignore', 'ignore_ament_install']
[0.752s] Level 1:colcon.colcon_core.package_identification:_identify(src) by extension 'ignore'
[0.753s] Level 1:colcon.colcon_core.package_identification:_identify(src) by extension 'ignore_ament_install'
[0.753s] Level 1:colcon.colcon_core.package_identification:_identify(src) by extensions ['colcon_pkg']
[0.753s] Level 1:colcon.colcon_core.package_identification:_identify(src) by extension 'colcon_pkg'
[0.753s] Level 1:colcon.colcon_core.package_identification:_identify(src) by extensions ['colcon_meta']
[0.753s] Level 1:colcon.colcon_core.package_identification:_identify(src) by extension 'colcon_meta'
[0.753s] Level 1:colcon.colcon_core.package_identification:_identify(src) by extensions ['ros']
[0.753s] Level 1:colcon.colcon_core.package_identification:_identify(src) by extension 'ros'
[0.754s] Level 1:colcon.colcon_core.package_identification:_identify(src) by extensions ['cmake', 'python']
[0.754s] Level 1:colcon.colcon_core.package_identification:_identify(src) by extension 'cmake'
[0.754s] Level 1:colcon.colcon_core.package_identification:_identify(src) by extension 'python'
[0.754s] Level 1:colcon.colcon_core.package_identification:_identify(src) by extensions ['python_setup_py']
[0.754s] Level 1:colcon.colcon_core.package_identification:_identify(src) by extension 'python_setup_py'
[0.754s] Level 1:colcon.colcon_core.package_identification:_identify(src/rosmaster_base_package) by extensions ['ignore', 'ignore_ament_install']
[0.754s] Level 1:colcon.colcon_core.package_identification:_identify(src/rosmaster_base_package) by extension 'ignore'
[0.755s] Level 1:colcon.colcon_core.package_identification:_identify(src/rosmaster_base_package) by extension 'ignore_ament_install'
[0.755s] Level 1:colcon.colcon_core.package_identification:_identify(src/rosmaster_base_package) by extensions ['colcon_pkg']
[0.755s] Level 1:colcon.colcon_core.package_identification:_identify(src/rosmaster_base_package) by extension 'colcon_pkg'
[0.755s] Level 1:colcon.colcon_core.package_identification:_identify(src/rosmaster_base_package) by extensions ['colcon_meta']
[0.755s] Level 1:colcon.colcon_core.package_identification:_identify(src/rosmaster_base_package) by extension 'colcon_meta'
[0.755s] Level 1:colcon.colcon_core.package_identification:_identify(src/rosmaster_base_package) by extensions ['ros']
[0.755s] Level 1:colcon.colcon_core.package_identification:_identify(src/rosmaster_base_package) by extension 'ros'
[0.761s] DEBUG:colcon.colcon_core.package_identification:Package 'src/rosmaster_base_package' with type 'ros.ament_python' and name 'rosmaster_base_package'
[0.761s] Level 1:colcon.colcon_core.package_identification:_identify(src/rosmaster_bringup) by extensions ['ignore', 'ignore_ament_install']
[0.762s] Level 1:colcon.colcon_core.package_identification:_identify(src/rosmaster_bringup) by extension 'ignore'
[0.762s] Level 1:colcon.colcon_core.package_identification:_identify(src/rosmaster_bringup) by extension 'ignore_ament_install'
[0.762s] Level 1:colcon.colcon_core.package_identification:_identify(src/rosmaster_bringup) by extensions ['colcon_pkg']
[0.762s] Level 1:colcon.colcon_core.package_identification:_identify(src/rosmaster_bringup) by extension 'colcon_pkg'
[0.762s] Level 1:colcon.colcon_core.package_identification:_identify(src/rosmaster_bringup) by extensions ['colcon_meta']
[0.762s] Level 1:colcon.colcon_core.package_identification:_identify(src/rosmaster_bringup) by extension 'colcon_meta'
[0.762s] Level 1:colcon.colcon_core.package_identification:_identify(src/rosmaster_bringup) by extensions ['ros']
[0.762s] Level 1:colcon.colcon_core.package_identification:_identify(src/rosmaster_bringup) by extension 'ros'
[0.764s] DEBUG:colcon.colcon_core.package_identification:Package 'src/rosmaster_bringup' with type 'ros.ament_python' and name 'rosmaster_bringup'
[0.764s] Level 1:colcon.colcon_core.package_identification:_identify(src/rosmaster_description) by extensions ['ignore', 'ignore_ament_install']
[0.764s] Level 1:colcon.colcon_core.package_identification:_identify(src/rosmaster_description) by extension 'ignore'
[0.764s] Level 1:colcon.colcon_core.package_identification:_identify(src/rosmaster_description) by extension 'ignore_ament_install'
[0.765s] Level 1:colcon.colcon_core.package_identification:_identify(src/rosmaster_description) by extensions ['colcon_pkg']
[0.765s] Level 1:colcon.colcon_core.package_identification:_identify(src/rosmaster_description) by extension 'colcon_pkg'
[0.765s] Level 1:colcon.colcon_core.package_identification:_identify(src/rosmaster_description) by extensions ['colcon_meta']
[0.765s] Level 1:colcon.colcon_core.package_identification:_identify(src/rosmaster_description) by extension 'colcon_meta'
[0.765s] Level 1:colcon.colcon_core.package_identification:_identify(src/rosmaster_description) by extensions ['ros']
[0.765s] Level 1:colcon.colcon_core.package_identification:_identify(src/rosmaster_description) by extension 'ros'
[0.766s] DEBUG:colcon.colcon_core.package_identification:Package 'src/rosmaster_description' with type 'ros.ament_python' and name 'rosmaster_description'
[0.766s] Level 1:colcon.colcon_core.package_identification:_identify(src/sllidar_ros2) by extensions ['ignore', 'ignore_ament_install']
[0.767s] Level 1:colcon.colcon_core.package_identification:_identify(src/sllidar_ros2) by extension 'ignore'
[0.767s] Level 1:colcon.colcon_core.package_identification:_identify(src/sllidar_ros2) by extension 'ignore_ament_install'
[0.767s] Level 1:colcon.colcon_core.package_identification:_identify(src/sllidar_ros2) by extensions ['colcon_pkg']
[0.767s] Level 1:colcon.colcon_core.package_identification:_identify(src/sllidar_ros2) by extension 'colcon_pkg'
[0.767s] Level 1:colcon.colcon_core.package_identification:_identify(src/sllidar_ros2) by extensions ['colcon_meta']
[0.767s] Level 1:colcon.colcon_core.package_identification:_identify(src/sllidar_ros2) by extension 'colcon_meta'
[0.767s] Level 1:colcon.colcon_core.package_identification:_identify(src/sllidar_ros2) by extensions ['ros']
[0.767s] Level 1:colcon.colcon_core.package_identification:_identify(src/sllidar_ros2) by extension 'ros'
[0.769s] DEBUG:colcon.colcon_core.package_identification:Package 'src/sllidar_ros2' with type 'ros.ament_cmake' and name 'sllidar_ros2'
[0.769s] Level 1:colcon.colcon_core.package_discovery:discover_packages(recursive) using defaults
[0.769s] Level 1:colcon.colcon_core.package_discovery:discover_packages(ignore) discover
[0.769s] Level 1:colcon.colcon_core.package_discovery:discover_packages(ignore) using defaults
[0.769s] Level 1:colcon.colcon_core.package_discovery:discover_packages(path) discover
[0.769s] Level 1:colcon.colcon_core.package_discovery:discover_packages(path) using defaults
[0.852s] Level 1:colcon.colcon_core.package_discovery:discover_packages(prefix_path) check parameters
[0.853s] Level 1:colcon.colcon_core.package_discovery:discover_packages(prefix_path) discover
[0.857s] DEBUG:colcon.colcon_installed_package_information.package_discovery:Found 4 installed packages in /home/wens/ugv_ws/install
[0.859s] DEBUG:colcon.colcon_installed_package_information.package_discovery:Found 6 installed packages in /home/wens/ros2_ws/install
[0.862s] DEBUG:colcon.colcon_installed_package_information.package_discovery:Found 281 installed packages in /opt/ros/humble
[0.865s] Level 1:colcon.colcon_core.package_discovery:discover_packages(prefix_path) using defaults
[0.956s] Level 5:colcon.colcon_core.verb:set package 'rosmaster_base_package' build argument 'cmake_args' from command line to 'None'
[0.956s] Level 5:colcon.colcon_core.verb:set package 'rosmaster_base_package' build argument 'cmake_target' from command line to 'None'
[0.956s] Level 5:colcon.colcon_core.verb:set package 'rosmaster_base_package' build argument 'cmake_target_skip_unavailable' from command line to 'False'
[0.957s] Level 5:colcon.colcon_core.verb:set package 'rosmaster_base_package' build argument 'cmake_clean_cache' from command line to 'False'
[0.957s] Level 5:colcon.colcon_core.verb:set package 'rosmaster_base_package' build argument 'cmake_clean_first' from command line to 'False'
[0.957s] Level 5:colcon.colcon_core.verb:set package 'rosmaster_base_package' build argument 'cmake_force_configure' from command line to 'False'
[0.957s] Level 5:colcon.colcon_core.verb:set package 'rosmaster_base_package' build argument 'ament_cmake_args' from command line to 'None'
[0.957s] Level 5:colcon.colcon_core.verb:set package 'rosmaster_base_package' build argument 'catkin_cmake_args' from command line to 'None'
[0.957s] Level 5:colcon.colcon_core.verb:set package 'rosmaster_base_package' build argument 'catkin_skip_building_tests' from command line to 'False'
[0.957s] DEBUG:colcon.colcon_core.verb:Building package 'rosmaster_base_package' with the following arguments: {'ament_cmake_args': None, 'build_base': '/home/wens/ugv_ws/build/rosmaster_base_package', 'catkin_cmake_args': None, 'catkin_skip_building_tests': False, 'cmake_args': None, 'cmake_clean_cache': False, 'cmake_clean_first': False, 'cmake_force_configure': False, 'cmake_target': None, 'cmake_target_skip_unavailable': False, 'install_base': '/home/wens/ugv_ws/install/rosmaster_base_package', 'merge_install': False, 'path': '/home/wens/ugv_ws/src/rosmaster_base_package', 'symlink_install': True, 'test_result_base': None}
[0.958s] Level 5:colcon.colcon_core.verb:set package 'rosmaster_description' build argument 'cmake_args' from command line to 'None'
[0.958s] Level 5:colcon.colcon_core.verb:set package 'rosmaster_description' build argument 'cmake_target' from command line to 'None'
[0.958s] Level 5:colcon.colcon_core.verb:set package 'rosmaster_description' build argument 'cmake_target_skip_unavailable' from command line to 'False'
[0.958s] Level 5:colcon.colcon_core.verb:set package 'rosmaster_description' build argument 'cmake_clean_cache' from command line to 'False'
[0.958s] Level 5:colcon.colcon_core.verb:set package 'rosmaster_description' build argument 'cmake_clean_first' from command line to 'False'
[0.958s] Level 5:colcon.colcon_core.verb:set package 'rosmaster_description' build argument 'cmake_force_configure' from command line to 'False'
[0.958s] Level 5:colcon.colcon_core.verb:set package 'rosmaster_description' build argument 'ament_cmake_args' from command line to 'None'
[0.958s] Level 5:colcon.colcon_core.verb:set package 'rosmaster_description' build argument 'catkin_cmake_args' from command line to 'None'
[0.958s] Level 5:colcon.colcon_core.verb:set package 'rosmaster_description' build argument 'catkin_skip_building_tests' from command line to 'False'
[0.958s] DEBUG:colcon.colcon_core.verb:Building package 'rosmaster_description' with the following arguments: {'ament_cmake_args': None, 'build_base': '/home/wens/ugv_ws/build/rosmaster_description', 'catkin_cmake_args': None, 'catkin_skip_building_tests': False, 'cmake_args': None, 'cmake_clean_cache': False, 'cmake_clean_first': False, 'cmake_force_configure': False, 'cmake_target': None, 'cmake_target_skip_unavailable': False, 'install_base': '/home/wens/ugv_ws/install/rosmaster_description', 'merge_install': False, 'path': '/home/wens/ugv_ws/src/rosmaster_description', 'symlink_install': True, 'test_result_base': None}
[0.959s] Level 5:colcon.colcon_core.verb:set package 'sllidar_ros2' build argument 'cmake_args' from command line to 'None'
[0.959s] Level 5:colcon.colcon_core.verb:set package 'sllidar_ros2' build argument 'cmake_target' from command line to 'None'
[0.959s] Level 5:colcon.colcon_core.verb:set package 'sllidar_ros2' build argument 'cmake_target_skip_unavailable' from command line to 'False'
[0.959s] Level 5:colcon.colcon_core.verb:set package 'sllidar_ros2' build argument 'cmake_clean_cache' from command line to 'False'
[0.959s] Level 5:colcon.colcon_core.verb:set package 'sllidar_ros2' build argument 'cmake_clean_first' from command line to 'False'
[0.959s] Level 5:colcon.colcon_core.verb:set package 'sllidar_ros2' build argument 'cmake_force_configure' from command line to 'False'
[0.959s] Level 5:colcon.colcon_core.verb:set package 'sllidar_ros2' build argument 'ament_cmake_args' from command line to 'None'
[0.959s] Level 5:colcon.colcon_core.verb:set package 'sllidar_ros2' build argument 'catkin_cmake_args' from command line to 'None'
[0.959s] Level 5:colcon.colcon_core.verb:set package 'sllidar_ros2' build argument 'catkin_skip_building_tests' from command line to 'False'
[0.959s] DEBUG:colcon.colcon_core.verb:Building package 'sllidar_ros2' with the following arguments: {'ament_cmake_args': None, 'build_base': '/home/wens/ugv_ws/build/sllidar_ros2', 'catkin_cmake_args': None, 'catkin_skip_building_tests': False, 'cmake_args': None, 'cmake_clean_cache': False, 'cmake_clean_first': False, 'cmake_force_configure': False, 'cmake_target': None, 'cmake_target_skip_unavailable': False, 'install_base': '/home/wens/ugv_ws/install/sllidar_ros2', 'merge_install': False, 'path': '/home/wens/ugv_ws/src/sllidar_ros2', 'symlink_install': True, 'test_result_base': None}
[0.960s] Level 5:colcon.colcon_core.verb:set package 'rosmaster_bringup' build argument 'cmake_args' from command line to 'None'
[0.960s] Level 5:colcon.colcon_core.verb:set package 'rosmaster_bringup' build argument 'cmake_target' from command line to 'None'
[0.960s] Level 5:colcon.colcon_core.verb:set package 'rosmaster_bringup' build argument 'cmake_target_skip_unavailable' from command line to 'False'
[0.960s] Level 5:colcon.colcon_core.verb:set package 'rosmaster_bringup' build argument 'cmake_clean_cache' from command line to 'False'
[0.960s] Level 5:colcon.colcon_core.verb:set package 'rosmaster_bringup' build argument 'cmake_clean_first' from command line to 'False'
[0.961s] Level 5:colcon.colcon_core.verb:set package 'rosmaster_bringup' build argument 'cmake_force_configure' from command line to 'False'
[0.961s] Level 5:colcon.colcon_core.verb:set package 'rosmaster_bringup' build argument 'ament_cmake_args' from command line to 'None'
[0.961s] Level 5:colcon.colcon_core.verb:set package 'rosmaster_bringup' build argument 'catkin_cmake_args' from command line to 'None'
[0.961s] Level 5:colcon.colcon_core.verb:set package 'rosmaster_bringup' build argument 'catkin_skip_building_tests' from command line to 'False'
[0.961s] DEBUG:colcon.colcon_core.verb:Building package 'rosmaster_bringup' with the following arguments: {'ament_cmake_args': None, 'build_base': '/home/wens/ugv_ws/build/rosmaster_bringup', 'catkin_cmake_args': None, 'catkin_skip_building_tests': False, 'cmake_args': None, 'cmake_clean_cache': False, 'cmake_clean_first': False, 'cmake_force_configure': False, 'cmake_target': None, 'cmake_target_skip_unavailable': False, 'install_base': '/home/wens/ugv_ws/install/rosmaster_bringup', 'merge_install': False, 'path': '/home/wens/ugv_ws/src/rosmaster_bringup', 'symlink_install': True, 'test_result_base': None}
[0.961s] INFO:colcon.colcon_core.executor:Executing jobs using 'parallel' executor
[0.963s] DEBUG:colcon.colcon_parallel_executor.executor.parallel:run_until_complete
[0.964s] INFO:colcon.colcon_ros.task.ament_python.build:Building ROS package in '/home/wens/ugv_ws/src/rosmaster_base_package' with build type 'ament_python'
[0.964s] Level 1:colcon.colcon_core.shell:create_environment_hook('rosmaster_base_package', 'ament_prefix_path')
[0.970s] INFO:colcon.colcon_core.plugin_system:Skipping extension 'colcon_core.shell.bat': Not used on non-Windows systems
[0.970s] INFO:colcon.colcon_core.shell:Creating environment hook '/home/wens/ugv_ws/install/rosmaster_base_package/share/rosmaster_base_package/hook/ament_prefix_path.ps1'
[0.972s] INFO:colcon.colcon_core.shell:Creating environment descriptor '/home/wens/ugv_ws/install/rosmaster_base_package/share/rosmaster_base_package/hook/ament_prefix_path.dsv'
[0.973s] INFO:colcon.colcon_core.shell:Creating environment hook '/home/wens/ugv_ws/install/rosmaster_base_package/share/rosmaster_base_package/hook/ament_prefix_path.sh'
[0.975s] INFO:colcon.colcon_core.shell:Skip shell extension 'powershell' for command environment: Not usable outside of PowerShell
[0.975s] DEBUG:colcon.colcon_core.shell:Skip shell extension 'dsv' for command environment
[0.984s] INFO:colcon.colcon_ros.task.ament_python.build:Building ROS package in '/home/wens/ugv_ws/src/rosmaster_description' with build type 'ament_python'
[0.984s] Level 1:colcon.colcon_core.shell:create_environment_hook('rosmaster_description', 'ament_prefix_path')
[0.985s] INFO:colcon.colcon_core.shell:Creating environment hook '/home/wens/ugv_ws/install/rosmaster_description/share/rosmaster_description/hook/ament_prefix_path.ps1'
[0.986s] INFO:colcon.colcon_core.shell:Creating environment descriptor '/home/wens/ugv_ws/install/rosmaster_description/share/rosmaster_description/hook/ament_prefix_path.dsv'
[0.987s] INFO:colcon.colcon_core.shell:Creating environment hook '/home/wens/ugv_ws/install/rosmaster_description/share/rosmaster_description/hook/ament_prefix_path.sh'
[0.988s] INFO:colcon.colcon_core.shell:Skip shell extension 'powershell' for command environment: Not usable outside of PowerShell
[0.989s] DEBUG:colcon.colcon_core.shell:Skip shell extension 'dsv' for command environment
[0.998s] INFO:colcon.colcon_ros.task.ament_cmake.build:Building ROS package in '/home/wens/ugv_ws/src/sllidar_ros2' with build type 'ament_cmake'
[0.999s] INFO:colcon.colcon_cmake.task.cmake.build:Building CMake package in '/home/wens/ugv_ws/src/sllidar_ros2'
[0.999s] INFO:colcon.colcon_core.shell:Skip shell extension 'powershell' for command environment: Not usable outside of PowerShell
[1.000s] DEBUG:colcon.colcon_core.shell:Skip shell extension 'dsv' for command environment
[1.739s] INFO:colcon.colcon_core.task.python.build:Building Python package in '/home/wens/ugv_ws/src/rosmaster_base_package'
[1.740s] INFO:colcon.colcon_core.shell:Skip shell extension 'powershell' for command environment: Not usable outside of PowerShell
[1.740s] DEBUG:colcon.colcon_core.shell:Skip shell extension 'dsv' for command environment
[2.438s] INFO:colcon.colcon_core.task.python.build:Building Python package in '/home/wens/ugv_ws/src/rosmaster_description'
[2.439s] INFO:colcon.colcon_core.shell:Skip shell extension 'powershell' for command environment: Not usable outside of PowerShell
[2.439s] DEBUG:colcon.colcon_core.shell:Skip shell extension 'dsv' for command environment
[2.467s] DEBUG:colcon.colcon_core.event_handler.log_command:Invoking command in '/home/wens/ugv_ws/build/sllidar_ros2': CMAKE_PREFIX_PATH=${CMAKE_PREFIX_PATH}:/home/wens/ugv_ws/install/rosmaster_bringup:/home/wens/ugv_ws/install/rosmaster_description:/home/wens/ugv_ws/install/rosmaster_base_package:/home/wens/ros2_ws/install/yahboomcar_description:/home/wens/ros2_ws/install/yahboomcar_ctrl:/home/wens/ros2_ws/install/yahboomcar_bringup:/home/wens/ros2_ws/install/yahboom_rosmaster:/opt/ros/humble /usr/bin/cmake --build /home/wens/ugv_ws/build/sllidar_ros2 -- -j6 -l6
[2.661s] DEBUG:colcon.colcon_core.event_handler.log_command:Invoked command in '/home/wens/ugv_ws/build/sllidar_ros2' returned '0': CMAKE_PREFIX_PATH=${CMAKE_PREFIX_PATH}:/home/wens/ugv_ws/install/rosmaster_bringup:/home/wens/ugv_ws/install/rosmaster_description:/home/wens/ugv_ws/install/rosmaster_base_package:/home/wens/ros2_ws/install/yahboomcar_description:/home/wens/ros2_ws/install/yahboomcar_ctrl:/home/wens/ros2_ws/install/yahboomcar_bringup:/home/wens/ros2_ws/install/yahboom_rosmaster:/opt/ros/humble /usr/bin/cmake --build /home/wens/ugv_ws/build/sllidar_ros2 -- -j6 -l6
[2.687s] DEBUG:colcon.colcon_core.event_handler.log_command:Invoking command in '/home/wens/ugv_ws/build/sllidar_ros2': CMAKE_PREFIX_PATH=${CMAKE_PREFIX_PATH}:/home/wens/ugv_ws/install/rosmaster_bringup:/home/wens/ugv_ws/install/rosmaster_description:/home/wens/ugv_ws/install/rosmaster_base_package:/home/wens/ros2_ws/install/yahboomcar_description:/home/wens/ros2_ws/install/yahboomcar_ctrl:/home/wens/ros2_ws/install/yahboomcar_bringup:/home/wens/ros2_ws/install/yahboom_rosmaster:/opt/ros/humble /usr/bin/cmake --install /home/wens/ugv_ws/build/sllidar_ros2
[2.752s] Level 1:colcon.colcon_core.environment:create_environment_scripts_only(sllidar_ros2)
[2.753s] DEBUG:colcon.colcon_core.event_handler.log_command:Invoked command in '/home/wens/ugv_ws/build/sllidar_ros2' returned '0': CMAKE_PREFIX_PATH=${CMAKE_PREFIX_PATH}:/home/wens/ugv_ws/install/rosmaster_bringup:/home/wens/ugv_ws/install/rosmaster_description:/home/wens/ugv_ws/install/rosmaster_base_package:/home/wens/ros2_ws/install/yahboomcar_description:/home/wens/ros2_ws/install/yahboomcar_ctrl:/home/wens/ros2_ws/install/yahboomcar_bringup:/home/wens/ros2_ws/install/yahboom_rosmaster:/opt/ros/humble /usr/bin/cmake --install /home/wens/ugv_ws/build/sllidar_ros2
[2.759s] Level 1:colcon.colcon_core.environment:checking '/home/wens/ugv_ws/install/sllidar_ros2' for CMake module files
[2.760s] Level 1:colcon.colcon_core.environment:checking '/home/wens/ugv_ws/install/sllidar_ros2' for CMake config files
[2.761s] Level 1:colcon.colcon_core.shell:create_environment_hook('sllidar_ros2', 'cmake_prefix_path')
[2.761s] INFO:colcon.colcon_core.shell:Creating environment hook '/home/wens/ugv_ws/install/sllidar_ros2/share/sllidar_ros2/hook/cmake_prefix_path.ps1'
[2.762s] INFO:colcon.colcon_core.shell:Creating environment descriptor '/home/wens/ugv_ws/install/sllidar_ros2/share/sllidar_ros2/hook/cmake_prefix_path.dsv'
[2.763s] INFO:colcon.colcon_core.shell:Creating environment hook '/home/wens/ugv_ws/install/sllidar_ros2/share/sllidar_ros2/hook/cmake_prefix_path.sh'
[2.765s] Level 1:colcon.colcon_core.environment:checking '/home/wens/ugv_ws/install/sllidar_ros2/lib'
[2.765s] Level 1:colcon.colcon_core.environment:checking '/home/wens/ugv_ws/install/sllidar_ros2/bin'
[2.765s] Level 1:colcon.colcon_core.environment:checking '/home/wens/ugv_ws/install/sllidar_ros2/lib/pkgconfig/sllidar_ros2.pc'
[2.766s] Level 1:colcon.colcon_core.environment:checking '/home/wens/ugv_ws/install/sllidar_ros2/lib/python3.10/site-packages'
[2.767s] Level 1:colcon.colcon_core.environment:checking '/home/wens/ugv_ws/install/sllidar_ros2/bin'
[2.767s] INFO:colcon.colcon_core.shell:Creating package script '/home/wens/ugv_ws/install/sllidar_ros2/share/sllidar_ros2/package.ps1'
[2.769s] INFO:colcon.colcon_core.shell:Creating package descriptor '/home/wens/ugv_ws/install/sllidar_ros2/share/sllidar_ros2/package.dsv'
[2.770s] INFO:colcon.colcon_core.shell:Creating package script '/home/wens/ugv_ws/install/sllidar_ros2/share/sllidar_ros2/package.sh'
[2.772s] INFO:colcon.colcon_core.shell:Creating package script '/home/wens/ugv_ws/install/sllidar_ros2/share/sllidar_ros2/package.bash'
[2.774s] INFO:colcon.colcon_core.shell:Creating package script '/home/wens/ugv_ws/install/sllidar_ros2/share/sllidar_ros2/package.zsh'
[2.775s] Level 1:colcon.colcon_core.environment:create_file_with_runtime_dependencies(/home/wens/ugv_ws/install/sllidar_ros2/share/colcon-core/packages/sllidar_ros2)
[2.777s] Level 1:colcon.colcon_core.environment:create_environment_scripts_only(sllidar_ros2)
[2.777s] Level 1:colcon.colcon_core.environment:checking '/home/wens/ugv_ws/install/sllidar_ros2' for CMake module files
[2.781s] Level 1:colcon.colcon_core.environment:checking '/home/wens/ugv_ws/install/sllidar_ros2' for CMake config files
[2.781s] Level 1:colcon.colcon_core.shell:create_environment_hook('sllidar_ros2', 'cmake_prefix_path')
[2.782s] INFO:colcon.colcon_core.shell:Creating environment hook '/home/wens/ugv_ws/install/sllidar_ros2/share/sllidar_ros2/hook/cmake_prefix_path.ps1'
[2.783s] INFO:colcon.colcon_core.shell:Creating environment descriptor '/home/wens/ugv_ws/install/sllidar_ros2/share/sllidar_ros2/hook/cmake_prefix_path.dsv'
[2.785s] INFO:colcon.colcon_core.shell:Creating environment hook '/home/wens/ugv_ws/install/sllidar_ros2/share/sllidar_ros2/hook/cmake_prefix_path.sh'
[2.786s] Level 1:colcon.colcon_core.environment:checking '/home/wens/ugv_ws/install/sllidar_ros2/lib'
[2.787s] Level 1:colcon.colcon_core.environment:checking '/home/wens/ugv_ws/install/sllidar_ros2/bin'
[2.787s] Level 1:colcon.colcon_core.environment:checking '/home/wens/ugv_ws/install/sllidar_ros2/lib/pkgconfig/sllidar_ros2.pc'
[2.787s] Level 1:colcon.colcon_core.environment:checking '/home/wens/ugv_ws/install/sllidar_ros2/lib/python3.10/site-packages'
[2.788s] Level 1:colcon.colcon_core.environment:checking '/home/wens/ugv_ws/install/sllidar_ros2/bin'
[2.790s] INFO:colcon.colcon_core.shell:Creating package script '/home/wens/ugv_ws/install/sllidar_ros2/share/sllidar_ros2/package.ps1'
[2.791s] INFO:colcon.colcon_core.shell:Creating package descriptor '/home/wens/ugv_ws/install/sllidar_ros2/share/sllidar_ros2/package.dsv'
[2.792s] INFO:colcon.colcon_core.shell:Creating package script '/home/wens/ugv_ws/install/sllidar_ros2/share/sllidar_ros2/package.sh'
[2.793s] INFO:colcon.colcon_core.shell:Creating package script '/home/wens/ugv_ws/install/sllidar_ros2/share/sllidar_ros2/package.bash'
[2.795s] INFO:colcon.colcon_core.shell:Creating package script '/home/wens/ugv_ws/install/sllidar_ros2/share/sllidar_ros2/package.zsh'
[2.796s] Level 1:colcon.colcon_core.environment:create_file_with_runtime_dependencies(/home/wens/ugv_ws/install/sllidar_ros2/share/colcon-core/packages/sllidar_ros2)
[3.416s] DEBUG:colcon.colcon_core.event_handler.log_command:Invoking command in '/home/wens/ugv_ws/build/rosmaster_base_package': PYTHONPATH=/home/wens/ugv_ws/build/rosmaster_base_package/prefix_override:/usr/lib/python3/dist-packages/colcon_core/task/python/colcon_distutils_commands:/home/wens/ugv_ws/install/rosmaster_base_package/lib/python3.10/site-packages:${PYTHONPATH} /usr/bin/python3 -W ignore:setup.py install is deprecated -W ignore:easy_install command is deprecated setup.py develop --editable --build-directory /home/wens/ugv_ws/build/rosmaster_base_package/build --no-deps symlink_data
[3.478s] DEBUG:colcon.colcon_core.event_handler.log_command:Invoking command in '/home/wens/ugv_ws/build/rosmaster_description': PYTHONPATH=/home/wens/ugv_ws/build/rosmaster_description/prefix_override:/usr/lib/python3/dist-packages/colcon_core/task/python/colcon_distutils_commands:/home/wens/ugv_ws/install/rosmaster_description/lib/python3.10/site-packages:${PYTHONPATH} /usr/bin/python3 -W ignore:setup.py install is deprecated -W ignore:easy_install command is deprecated setup.py develop --editable --build-directory /home/wens/ugv_ws/build/rosmaster_description/build --no-deps symlink_data
[4.662s] Level 1:colcon.colcon_core.shell:create_environment_hook('rosmaster_base_package', 'pythonpath_develop')
[4.663s] INFO:colcon.colcon_core.shell:Creating environment hook '/home/wens/ugv_ws/build/rosmaster_base_package/share/rosmaster_base_package/hook/pythonpath_develop.ps1'
[4.664s] DEBUG:colcon.colcon_core.event_handler.log_command:Invoked command in '/home/wens/ugv_ws/build/rosmaster_base_package' returned '0': PYTHONPATH=/home/wens/ugv_ws/build/rosmaster_base_package/prefix_override:/usr/lib/python3/dist-packages/colcon_core/task/python/colcon_distutils_commands:/home/wens/ugv_ws/install/rosmaster_base_package/lib/python3.10/site-packages:${PYTHONPATH} /usr/bin/python3 -W ignore:setup.py install is deprecated -W ignore:easy_install command is deprecated setup.py develop --editable --build-directory /home/wens/ugv_ws/build/rosmaster_base_package/build --no-deps symlink_data
[4.666s] INFO:colcon.colcon_core.shell:Creating environment descriptor '/home/wens/ugv_ws/build/rosmaster_base_package/share/rosmaster_base_package/hook/pythonpath_develop.dsv'
[4.667s] INFO:colcon.colcon_core.shell:Creating environment hook '/home/wens/ugv_ws/build/rosmaster_base_package/share/rosmaster_base_package/hook/pythonpath_develop.sh'
[4.669s] Level 1:colcon.colcon_core.environment:checking '/home/wens/ugv_ws/install/rosmaster_base_package' for CMake module files
[4.670s] Level 1:colcon.colcon_core.environment:checking '/home/wens/ugv_ws/install/rosmaster_base_package' for CMake config files
[4.671s] Level 1:colcon.colcon_core.environment:checking '/home/wens/ugv_ws/install/rosmaster_base_package/lib'
[4.671s] Level 1:colcon.colcon_core.environment:checking '/home/wens/ugv_ws/install/rosmaster_base_package/bin'
[4.672s] Level 1:colcon.colcon_core.environment:checking '/home/wens/ugv_ws/install/rosmaster_base_package/lib/pkgconfig/rosmaster_base_package.pc'
[4.672s] Level 1:colcon.colcon_core.environment:checking '/home/wens/ugv_ws/install/rosmaster_base_package/lib/python3.10/site-packages'
[4.672s] Level 1:colcon.colcon_core.shell:create_environment_hook('rosmaster_base_package', 'pythonpath')
[4.673s] INFO:colcon.colcon_core.shell:Creating environment hook '/home/wens/ugv_ws/install/rosmaster_base_package/share/rosmaster_base_package/hook/pythonpath.ps1'
[4.674s] INFO:colcon.colcon_core.shell:Creating environment descriptor '/home/wens/ugv_ws/install/rosmaster_base_package/share/rosmaster_base_package/hook/pythonpath.dsv'
[4.675s] INFO:colcon.colcon_core.shell:Creating environment hook '/home/wens/ugv_ws/install/rosmaster_base_package/share/rosmaster_base_package/hook/pythonpath.sh'
[4.677s] Level 1:colcon.colcon_core.environment:checking '/home/wens/ugv_ws/install/rosmaster_base_package/bin'
[4.677s] Level 1:colcon.colcon_core.environment:create_environment_scripts_only(rosmaster_base_package)
[4.678s] INFO:colcon.colcon_core.shell:Creating package script '/home/wens/ugv_ws/install/rosmaster_base_package/share/rosmaster_base_package/package.ps1'
[4.680s] INFO:colcon.colcon_core.shell:Creating package descriptor '/home/wens/ugv_ws/install/rosmaster_base_package/share/rosmaster_base_package/package.dsv'
[4.681s] INFO:colcon.colcon_core.shell:Creating package script '/home/wens/ugv_ws/install/rosmaster_base_package/share/rosmaster_base_package/package.sh'
[4.682s] INFO:colcon.colcon_core.shell:Creating package script '/home/wens/ugv_ws/install/rosmaster_base_package/share/rosmaster_base_package/package.bash'
[4.683s] INFO:colcon.colcon_core.shell:Creating package script '/home/wens/ugv_ws/install/rosmaster_base_package/share/rosmaster_base_package/package.zsh'
[4.684s] Level 1:colcon.colcon_core.environment:create_file_with_runtime_dependencies(/home/wens/ugv_ws/install/rosmaster_base_package/share/colcon-core/packages/rosmaster_base_package)
[4.768s] Level 1:colcon.colcon_core.shell:create_environment_hook('rosmaster_description', 'pythonpath_develop')
[4.771s] INFO:colcon.colcon_core.shell:Creating environment hook '/home/wens/ugv_ws/build/rosmaster_description/share/rosmaster_description/hook/pythonpath_develop.ps1'
[4.773s] DEBUG:colcon.colcon_core.event_handler.log_command:Invoked command in '/home/wens/ugv_ws/build/rosmaster_description' returned '0': PYTHONPATH=/home/wens/ugv_ws/build/rosmaster_description/prefix_override:/usr/lib/python3/dist-packages/colcon_core/task/python/colcon_distutils_commands:/home/wens/ugv_ws/install/rosmaster_description/lib/python3.10/site-packages:${PYTHONPATH} /usr/bin/python3 -W ignore:setup.py install is deprecated -W ignore:easy_install command is deprecated setup.py develop --editable --build-directory /home/wens/ugv_ws/build/rosmaster_description/build --no-deps symlink_data
[4.775s] INFO:colcon.colcon_core.shell:Creating environment descriptor '/home/wens/ugv_ws/build/rosmaster_description/share/rosmaster_description/hook/pythonpath_develop.dsv'
[4.777s] INFO:colcon.colcon_core.shell:Creating environment hook '/home/wens/ugv_ws/build/rosmaster_description/share/rosmaster_description/hook/pythonpath_develop.sh'
[4.779s] Level 1:colcon.colcon_core.environment:checking '/home/wens/ugv_ws/install/rosmaster_description' for CMake module files
[4.781s] Level 1:colcon.colcon_core.environment:checking '/home/wens/ugv_ws/install/rosmaster_description' for CMake config files
[4.783s] Level 1:colcon.colcon_core.environment:checking '/home/wens/ugv_ws/install/rosmaster_description/lib'
[4.783s] Level 1:colcon.colcon_core.environment:checking '/home/wens/ugv_ws/install/rosmaster_description/bin'
[4.783s] Level 1:colcon.colcon_core.environment:checking '/home/wens/ugv_ws/install/rosmaster_description/lib/pkgconfig/rosmaster_description.pc'
[4.784s] Level 1:colcon.colcon_core.environment:checking '/home/wens/ugv_ws/install/rosmaster_description/lib/python3.10/site-packages'
[4.784s] Level 1:colcon.colcon_core.shell:create_environment_hook('rosmaster_description', 'pythonpath')
[4.785s] INFO:colcon.colcon_core.shell:Creating environment hook '/home/wens/ugv_ws/install/rosmaster_description/share/rosmaster_description/hook/pythonpath.ps1'
[4.787s] INFO:colcon.colcon_core.shell:Creating environment descriptor '/home/wens/ugv_ws/install/rosmaster_description/share/rosmaster_description/hook/pythonpath.dsv'
[4.788s] INFO:colcon.colcon_core.shell:Creating environment hook '/home/wens/ugv_ws/install/rosmaster_description/share/rosmaster_description/hook/pythonpath.sh'
[4.791s] Level 1:colcon.colcon_core.environment:checking '/home/wens/ugv_ws/install/rosmaster_description/bin'
[4.791s] Level 1:colcon.colcon_core.environment:create_environment_scripts_only(rosmaster_description)
[4.793s] INFO:colcon.colcon_core.shell:Creating package script '/home/wens/ugv_ws/install/rosmaster_description/share/rosmaster_description/package.ps1'
[4.795s] INFO:colcon.colcon_core.shell:Creating package descriptor '/home/wens/ugv_ws/install/rosmaster_description/share/rosmaster_description/package.dsv'
[4.797s] INFO:colcon.colcon_core.shell:Creating package script '/home/wens/ugv_ws/install/rosmaster_description/share/rosmaster_description/package.sh'
[4.799s] INFO:colcon.colcon_core.shell:Creating package script '/home/wens/ugv_ws/install/rosmaster_description/share/rosmaster_description/package.bash'
[4.800s] INFO:colcon.colcon_core.shell:Creating package script '/home/wens/ugv_ws/install/rosmaster_description/share/rosmaster_description/package.zsh'
[4.802s] Level 1:colcon.colcon_core.environment:create_file_with_runtime_dependencies(/home/wens/ugv_ws/install/rosmaster_description/share/colcon-core/packages/rosmaster_description)
[4.803s] INFO:colcon.colcon_ros.task.ament_python.build:Building ROS package in '/home/wens/ugv_ws/src/rosmaster_bringup' with build type 'ament_python'
[4.803s] Level 1:colcon.colcon_core.shell:create_environment_hook('rosmaster_bringup', 'ament_prefix_path')
[4.804s] INFO:colcon.colcon_core.shell:Creating environment hook '/home/wens/ugv_ws/install/rosmaster_bringup/share/rosmaster_bringup/hook/ament_prefix_path.ps1'
[4.808s] INFO:colcon.colcon_core.shell:Creating environment descriptor '/home/wens/ugv_ws/install/rosmaster_bringup/share/rosmaster_bringup/hook/ament_prefix_path.dsv'
[4.809s] INFO:colcon.colcon_core.shell:Creating environment hook '/home/wens/ugv_ws/install/rosmaster_bringup/share/rosmaster_bringup/hook/ament_prefix_path.sh'
[4.811s] INFO:colcon.colcon_core.shell:Skip shell extension 'powershell' for command environment: Not usable outside of PowerShell
[4.811s] DEBUG:colcon.colcon_core.shell:Skip shell extension 'dsv' for command environment
[5.573s] INFO:colcon.colcon_core.task.python.build:Building Python package in '/home/wens/ugv_ws/src/rosmaster_bringup'
[5.574s] INFO:colcon.colcon_core.shell:Skip shell extension 'powershell' for command environment: Not usable outside of PowerShell
[5.574s] DEBUG:colcon.colcon_core.shell:Skip shell extension 'dsv' for command environment
[6.556s] DEBUG:colcon.colcon_core.event_handler.log_command:Invoking command in '/home/wens/ugv_ws/build/rosmaster_bringup': AMENT_PREFIX_PATH=/home/wens/ugv_ws/install/rosmaster_description:/home/wens/ugv_ws/install/rosmaster_base_package:/home/wens/ugv_ws/install/sllidar_ros2:/home/wens/ugv_ws/install/rosmaster_bringup:/home/wens/ros2_ws/install/yahboomcar_description:/home/wens/ros2_ws/install/yahboomcar_ctrl:/home/wens/ros2_ws/install/yahboomcar_bringup:/home/wens/ros2_ws/install/yahboomcar_base_node:/home/wens/ros2_ws/install/yahboom_rosmaster:/home/wens/ros2_ws/install/sllidar_ros2:/opt/ros/humble PYTHONPATH=/home/wens/ugv_ws/build/rosmaster_bringup/prefix_override:/usr/lib/python3/dist-packages/colcon_core/task/python/colcon_distutils_commands:/home/wens/ugv_ws/install/rosmaster_bringup/lib/python3.10/site-packages:/home/wens/ugv_ws/build/rosmaster_description:/home/wens/ugv_ws/install/rosmaster_description/lib/python3.10/site-packages:/home/wens/ugv_ws/build/rosmaster_base_package:/home/wens/ugv_ws/install/rosmaster_base_package/lib/python3.10/site-packages:/home/wens/ugv_ws/build/rosmaster_bringup:/home/wens/ugv_ws/install/rosmaster_bringup/lib/python3.10/site-packages:/home/wens/ros2_ws/build/yahboomcar_description:/home/wens/ros2_ws/install/yahboomcar_description/lib/python3.10/site-packages:/home/wens/ros2_ws/build/yahboomcar_ctrl:/home/wens/ros2_ws/install/yahboomcar_ctrl/lib/python3.10/site-packages:/home/wens/ros2_ws/build/yahboomcar_bringup:/home/wens/ros2_ws/install/yahboomcar_bringup/lib/python3.10/site-packages:/home/wens/ros2_ws/build/yahboom_rosmaster:/home/wens/ros2_ws/install/yahboom_rosmaster/lib/python3.10/site-packages:/opt/ros/humble/lib/python3.10/site-packages:/opt/ros/humble/local/lib/python3.10/dist-packages /usr/bin/python3 -W ignore:setup.py install is deprecated -W ignore:easy_install command is deprecated setup.py develop --editable --build-directory /home/wens/ugv_ws/build/rosmaster_bringup/build --no-deps symlink_data
[7.800s] Level 1:colcon.colcon_core.shell:create_environment_hook('rosmaster_bringup', 'pythonpath_develop')
[7.801s] INFO:colcon.colcon_core.shell:Creating environment hook '/home/wens/ugv_ws/build/rosmaster_bringup/share/rosmaster_bringup/hook/pythonpath_develop.ps1'
[7.803s] DEBUG:colcon.colcon_core.event_handler.log_command:Invoked command in '/home/wens/ugv_ws/build/rosmaster_bringup' returned '0': AMENT_PREFIX_PATH=/home/wens/ugv_ws/install/rosmaster_description:/home/wens/ugv_ws/install/rosmaster_base_package:/home/wens/ugv_ws/install/sllidar_ros2:/home/wens/ugv_ws/install/rosmaster_bringup:/home/wens/ros2_ws/install/yahboomcar_description:/home/wens/ros2_ws/install/yahboomcar_ctrl:/home/wens/ros2_ws/install/yahboomcar_bringup:/home/wens/ros2_ws/install/yahboomcar_base_node:/home/wens/ros2_ws/install/yahboom_rosmaster:/home/wens/ros2_ws/install/sllidar_ros2:/opt/ros/humble PYTHONPATH=/home/wens/ugv_ws/build/rosmaster_bringup/prefix_override:/usr/lib/python3/dist-packages/colcon_core/task/python/colcon_distutils_commands:/home/wens/ugv_ws/install/rosmaster_bringup/lib/python3.10/site-packages:/home/wens/ugv_ws/build/rosmaster_description:/home/wens/ugv_ws/install/rosmaster_description/lib/python3.10/site-packages:/home/wens/ugv_ws/build/rosmaster_base_package:/home/wens/ugv_ws/install/rosmaster_base_package/lib/python3.10/site-packages:/home/wens/ugv_ws/build/rosmaster_bringup:/home/wens/ugv_ws/install/rosmaster_bringup/lib/python3.10/site-packages:/home/wens/ros2_ws/build/yahboomcar_description:/home/wens/ros2_ws/install/yahboomcar_description/lib/python3.10/site-packages:/home/wens/ros2_ws/build/yahboomcar_ctrl:/home/wens/ros2_ws/install/yahboomcar_ctrl/lib/python3.10/site-packages:/home/wens/ros2_ws/build/yahboomcar_bringup:/home/wens/ros2_ws/install/yahboomcar_bringup/lib/python3.10/site-packages:/home/wens/ros2_ws/build/yahboom_rosmaster:/home/wens/ros2_ws/install/yahboom_rosmaster/lib/python3.10/site-packages:/opt/ros/humble/lib/python3.10/site-packages:/opt/ros/humble/local/lib/python3.10/dist-packages /usr/bin/python3 -W ignore:setup.py install is deprecated -W ignore:easy_install command is deprecated setup.py develop --editable --build-directory /home/wens/ugv_ws/build/rosmaster_bringup/build --no-deps symlink_data
[7.805s] INFO:colcon.colcon_core.shell:Creating environment descriptor '/home/wens/ugv_ws/build/rosmaster_bringup/share/rosmaster_bringup/hook/pythonpath_develop.dsv'
[7.806s] INFO:colcon.colcon_core.shell:Creating environment hook '/home/wens/ugv_ws/build/rosmaster_bringup/share/rosmaster_bringup/hook/pythonpath_develop.sh'
[7.809s] Level 1:colcon.colcon_core.environment:checking '/home/wens/ugv_ws/install/rosmaster_bringup' for CMake module files
[7.810s] Level 1:colcon.colcon_core.environment:checking '/home/wens/ugv_ws/install/rosmaster_bringup' for CMake config files
[7.812s] Level 1:colcon.colcon_core.environment:checking '/home/wens/ugv_ws/install/rosmaster_bringup/lib'
[7.812s] Level 1:colcon.colcon_core.environment:checking '/home/wens/ugv_ws/install/rosmaster_bringup/bin'
[7.813s] Level 1:colcon.colcon_core.environment:checking '/home/wens/ugv_ws/install/rosmaster_bringup/lib/pkgconfig/rosmaster_bringup.pc'
[7.813s] Level 1:colcon.colcon_core.environment:checking '/home/wens/ugv_ws/install/rosmaster_bringup/lib/python3.10/site-packages'
[7.814s] Level 1:colcon.colcon_core.shell:create_environment_hook('rosmaster_bringup', 'pythonpath')
[7.814s] INFO:colcon.colcon_core.shell:Creating environment hook '/home/wens/ugv_ws/install/rosmaster_bringup/share/rosmaster_bringup/hook/pythonpath.ps1'
[7.816s] INFO:colcon.colcon_core.shell:Creating environment descriptor '/home/wens/ugv_ws/install/rosmaster_bringup/share/rosmaster_bringup/hook/pythonpath.dsv'
[7.818s] INFO:colcon.colcon_core.shell:Creating environment hook '/home/wens/ugv_ws/install/rosmaster_bringup/share/rosmaster_bringup/hook/pythonpath.sh'
[7.821s] Level 1:colcon.colcon_core.environment:checking '/home/wens/ugv_ws/install/rosmaster_bringup/bin'
[7.822s] Level 1:colcon.colcon_core.environment:create_environment_scripts_only(rosmaster_bringup)
[7.823s] INFO:colcon.colcon_core.shell:Creating package script '/home/wens/ugv_ws/install/rosmaster_bringup/share/rosmaster_bringup/package.ps1'
[7.825s] INFO:colcon.colcon_core.shell:Creating package descriptor '/home/wens/ugv_ws/install/rosmaster_bringup/share/rosmaster_bringup/package.dsv'
[7.827s] INFO:colcon.colcon_core.shell:Creating package script '/home/wens/ugv_ws/install/rosmaster_bringup/share/rosmaster_bringup/package.sh'
[7.829s] INFO:colcon.colcon_core.shell:Creating package script '/home/wens/ugv_ws/install/rosmaster_bringup/share/rosmaster_bringup/package.bash'
[7.830s] INFO:colcon.colcon_core.shell:Creating package script '/home/wens/ugv_ws/install/rosmaster_bringup/share/rosmaster_bringup/package.zsh'
[7.831s] Level 1:colcon.colcon_core.environment:create_file_with_runtime_dependencies(/home/wens/ugv_ws/install/rosmaster_bringup/share/colcon-core/packages/rosmaster_bringup)
[7.832s] DEBUG:colcon.colcon_parallel_executor.executor.parallel:closing loop
[7.833s] DEBUG:colcon.colcon_parallel_executor.executor.parallel:loop closed
[7.834s] DEBUG:colcon.colcon_parallel_executor.executor.parallel:run_until_complete finished with '0'
[7.834s] DEBUG:colcon.colcon_core.event_reactor:joining thread
[7.853s] INFO:colcon.colcon_core.plugin_system:Skipping extension 'colcon_notification.desktop_notification.terminal_notifier': Not used on non-Darwin systems
[7.854s] INFO:colcon.colcon_core.plugin_system:Skipping extension 'colcon_notification.desktop_notification.win32': Not used on non-Windows systems
[7.854s] INFO:colcon.colcon_notification.desktop_notification:Sending desktop notification using 'notify2'
[7.905s] DEBUG:colcon.colcon_core.event_reactor:joined thread
[7.907s] INFO:colcon.colcon_core.shell:Creating prefix script '/home/wens/ugv_ws/install/local_setup.ps1'
[7.912s] INFO:colcon.colcon_core.shell:Creating prefix util module '/home/wens/ugv_ws/install/_local_setup_util_ps1.py'
[7.919s] INFO:colcon.colcon_core.shell:Creating prefix chain script '/home/wens/ugv_ws/install/setup.ps1'
[7.926s] INFO:colcon.colcon_core.shell:Creating prefix script '/home/wens/ugv_ws/install/local_setup.sh'
[7.928s] INFO:colcon.colcon_core.shell:Creating prefix util module '/home/wens/ugv_ws/install/_local_setup_util_sh.py'
[7.930s] INFO:colcon.colcon_core.shell:Creating prefix chain script '/home/wens/ugv_ws/install/setup.sh'
[7.936s] INFO:colcon.colcon_core.shell:Creating prefix script '/home/wens/ugv_ws/install/local_setup.bash'
[7.938s] INFO:colcon.colcon_core.shell:Creating prefix chain script '/home/wens/ugv_ws/install/setup.bash'
[7.942s] INFO:colcon.colcon_core.shell:Creating prefix script '/home/wens/ugv_ws/install/local_setup.zsh'
[7.944s] INFO:colcon.colcon_core.shell:Creating prefix chain script '/home/wens/ugv_ws/install/setup.zsh'
