[0.273s] DEBUG:colcon:Command line arguments: ['/usr/bin/colcon', 'build', '--symlink-install']
[0.273s] DEBUG:colcon:Parsed command line arguments: Namespace(log_base=None, log_level=None, verb_name='build', build_base='build', install_base='install', merge_install=False, symlink_install=True, test_result_base=None, continue_on_error=False, executor='parallel', parallel_workers=6, event_handlers=None, ignore_user_meta=False, metas=['./colcon.meta'], base_paths=['.'], packages_ignore=None, packages_ignore_regex=None, paths=None, packages_up_to=None, packages_up_to_regex=None, packages_above=None, packages_above_and_dependencies=None, packages_above_depth=None, packages_select_by_dep=None, packages_skip_by_dep=None, packages_skip_up_to=None, packages_select_build_failed=False, packages_skip_build_finished=False, packages_select_test_failures=False, packages_skip_test_passed=False, packages_select=None, packages_skip=None, packages_select_regex=None, packages_skip_regex=None, packages_start=None, packages_end=None, allow_overriding=[], cmake_args=None, cmake_target=None, cmake_target_skip_unavailable=False, cmake_clean_cache=False, cmake_clean_first=False, cmake_force_configure=False, ament_cmake_args=None, catkin_cmake_args=None, catkin_skip_building_tests=False, verb_parser=<colcon_defaults.argument_parser.defaults.DefaultArgumentsDecorator object at 0xffffb39b8550>, verb_extension=<colcon_core.verb.build.BuildVerb object at 0xffffb3983fd0>, main=<bound method BuildVerb.main of <colcon_core.verb.build.BuildVerb object at 0xffffb3983fd0>>)
[0.701s] Level 1:colcon.colcon_core.package_discovery:discover_packages(colcon_meta) check parameters
[0.701s] Level 1:colcon.colcon_core.package_discovery:discover_packages(recursive) check parameters
[0.702s] Level 1:colcon.colcon_core.package_discovery:discover_packages(ignore) check parameters
[0.702s] Level 1:colcon.colcon_core.package_discovery:discover_packages(path) check parameters
[0.702s] Level 1:colcon.colcon_core.package_discovery:discover_packages(colcon_meta) discover
[0.702s] Level 1:colcon.colcon_core.package_discovery:discover_packages(recursive) discover
[0.702s] INFO:colcon.colcon_core.package_discovery:Crawling recursively for packages in '/home/wens/ugv_ws'
[0.702s] Level 1:colcon.colcon_core.package_identification:_identify(.) by extensions ['ignore', 'ignore_ament_install']
[0.702s] Level 1:colcon.colcon_core.package_identification:_identify(.) by extension 'ignore'
[0.703s] Level 1:colcon.colcon_core.package_identification:_identify(.) by extension 'ignore_ament_install'
[0.703s] Level 1:colcon.colcon_core.package_identification:_identify(.) by extensions ['colcon_pkg']
[0.703s] Level 1:colcon.colcon_core.package_identification:_identify(.) by extension 'colcon_pkg'
[0.703s] Level 1:colcon.colcon_core.package_identification:_identify(.) by extensions ['colcon_meta']
[0.703s] Level 1:colcon.colcon_core.package_identification:_identify(.) by extension 'colcon_meta'
[0.703s] Level 1:colcon.colcon_core.package_identification:_identify(.) by extensions ['ros']
[0.703s] Level 1:colcon.colcon_core.package_identification:_identify(.) by extension 'ros'
[0.728s] Level 1:colcon.colcon_core.package_identification:_identify(.) by extensions ['cmake', 'python']
[0.728s] Level 1:colcon.colcon_core.package_identification:_identify(.) by extension 'cmake'
[0.729s] Level 1:colcon.colcon_core.package_identification:_identify(.) by extension 'python'
[0.729s] Level 1:colcon.colcon_core.package_identification:_identify(.) by extensions ['python_setup_py']
[0.729s] Level 1:colcon.colcon_core.package_identification:_identify(.) by extension 'python_setup_py'
[0.729s] Level 1:colcon.colcon_core.package_identification:_identify(build) by extensions ['ignore', 'ignore_ament_install']
[0.729s] Level 1:colcon.colcon_core.package_identification:_identify(build) by extension 'ignore'
[0.730s] Level 1:colcon.colcon_core.package_identification:_identify(build) ignored
[0.730s] Level 1:colcon.colcon_core.package_identification:_identify(install) by extensions ['ignore', 'ignore_ament_install']
[0.730s] Level 1:colcon.colcon_core.package_identification:_identify(install) by extension 'ignore'
[0.730s] Level 1:colcon.colcon_core.package_identification:_identify(install) ignored
[0.731s] Level 1:colcon.colcon_core.package_identification:_identify(log) by extensions ['ignore', 'ignore_ament_install']
[0.731s] Level 1:colcon.colcon_core.package_identification:_identify(log) by extension 'ignore'
[0.731s] Level 1:colcon.colcon_core.package_identification:_identify(log) ignored
[0.731s] Level 1:colcon.colcon_core.package_identification:_identify(src) by extensions ['ignore', 'ignore_ament_install']
[0.731s] Level 1:colcon.colcon_core.package_identification:_identify(src) by extension 'ignore'
[0.731s] Level 1:colcon.colcon_core.package_identification:_identify(src) by extension 'ignore_ament_install'
[0.731s] Level 1:colcon.colcon_core.package_identification:_identify(src) by extensions ['colcon_pkg']
[0.732s] Level 1:colcon.colcon_core.package_identification:_identify(src) by extension 'colcon_pkg'
[0.732s] Level 1:colcon.colcon_core.package_identification:_identify(src) by extensions ['colcon_meta']
[0.732s] Level 1:colcon.colcon_core.package_identification:_identify(src) by extension 'colcon_meta'
[0.732s] Level 1:colcon.colcon_core.package_identification:_identify(src) by extensions ['ros']
[0.732s] Level 1:colcon.colcon_core.package_identification:_identify(src) by extension 'ros'
[0.732s] Level 1:colcon.colcon_core.package_identification:_identify(src) by extensions ['cmake', 'python']
[0.732s] Level 1:colcon.colcon_core.package_identification:_identify(src) by extension 'cmake'
[0.732s] Level 1:colcon.colcon_core.package_identification:_identify(src) by extension 'python'
[0.732s] Level 1:colcon.colcon_core.package_identification:_identify(src) by extensions ['python_setup_py']
[0.732s] Level 1:colcon.colcon_core.package_identification:_identify(src) by extension 'python_setup_py'
[0.733s] Level 1:colcon.colcon_core.package_identification:_identify(src/rosmaster_base_package) by extensions ['ignore', 'ignore_ament_install']
[0.733s] Level 1:colcon.colcon_core.package_identification:_identify(src/rosmaster_base_package) by extension 'ignore'
[0.733s] Level 1:colcon.colcon_core.package_identification:_identify(src/rosmaster_base_package) by extension 'ignore_ament_install'
[0.733s] Level 1:colcon.colcon_core.package_identification:_identify(src/rosmaster_base_package) by extensions ['colcon_pkg']
[0.733s] Level 1:colcon.colcon_core.package_identification:_identify(src/rosmaster_base_package) by extension 'colcon_pkg'
[0.733s] Level 1:colcon.colcon_core.package_identification:_identify(src/rosmaster_base_package) by extensions ['colcon_meta']
[0.733s] Level 1:colcon.colcon_core.package_identification:_identify(src/rosmaster_base_package) by extension 'colcon_meta'
[0.734s] Level 1:colcon.colcon_core.package_identification:_identify(src/rosmaster_base_package) by extensions ['ros']
[0.734s] Level 1:colcon.colcon_core.package_identification:_identify(src/rosmaster_base_package) by extension 'ros'
[0.739s] DEBUG:colcon.colcon_core.package_identification:Package 'src/rosmaster_base_package' with type 'ros.ament_python' and name 'rosmaster_base_package'
[0.739s] Level 1:colcon.colcon_core.package_identification:_identify(src/rosmaster_description) by extensions ['ignore', 'ignore_ament_install']
[0.740s] Level 1:colcon.colcon_core.package_identification:_identify(src/rosmaster_description) by extension 'ignore'
[0.740s] Level 1:colcon.colcon_core.package_identification:_identify(src/rosmaster_description) by extension 'ignore_ament_install'
[0.740s] Level 1:colcon.colcon_core.package_identification:_identify(src/rosmaster_description) by extensions ['colcon_pkg']
[0.740s] Level 1:colcon.colcon_core.package_identification:_identify(src/rosmaster_description) by extension 'colcon_pkg'
[0.740s] Level 1:colcon.colcon_core.package_identification:_identify(src/rosmaster_description) by extensions ['colcon_meta']
[0.740s] Level 1:colcon.colcon_core.package_identification:_identify(src/rosmaster_description) by extension 'colcon_meta'
[0.740s] Level 1:colcon.colcon_core.package_identification:_identify(src/rosmaster_description) by extensions ['ros']
[0.740s] Level 1:colcon.colcon_core.package_identification:_identify(src/rosmaster_description) by extension 'ros'
[0.742s] DEBUG:colcon.colcon_core.package_identification:Package 'src/rosmaster_description' with type 'ros.ament_python' and name 'rosmaster_description'
[0.742s] Level 1:colcon.colcon_core.package_discovery:discover_packages(recursive) using defaults
[0.742s] Level 1:colcon.colcon_core.package_discovery:discover_packages(ignore) discover
[0.742s] Level 1:colcon.colcon_core.package_discovery:discover_packages(ignore) using defaults
[0.742s] Level 1:colcon.colcon_core.package_discovery:discover_packages(path) discover
[0.742s] Level 1:colcon.colcon_core.package_discovery:discover_packages(path) using defaults
[0.822s] Level 1:colcon.colcon_core.package_discovery:discover_packages(prefix_path) check parameters
[0.822s] Level 1:colcon.colcon_core.package_discovery:discover_packages(prefix_path) discover
[0.827s] DEBUG:colcon.colcon_installed_package_information.package_discovery:Found 2 installed packages in /home/wens/ugv_ws/install
[0.828s] DEBUG:colcon.colcon_installed_package_information.package_discovery:Found 6 installed packages in /home/wens/ros2_ws/install
[0.831s] DEBUG:colcon.colcon_installed_package_information.package_discovery:Found 281 installed packages in /opt/ros/humble
[0.834s] Level 1:colcon.colcon_core.package_discovery:discover_packages(prefix_path) using defaults
[0.925s] Level 5:colcon.colcon_core.verb:set package 'rosmaster_base_package' build argument 'cmake_args' from command line to 'None'
[0.925s] Level 5:colcon.colcon_core.verb:set package 'rosmaster_base_package' build argument 'cmake_target' from command line to 'None'
[0.926s] Level 5:colcon.colcon_core.verb:set package 'rosmaster_base_package' build argument 'cmake_target_skip_unavailable' from command line to 'False'
[0.926s] Level 5:colcon.colcon_core.verb:set package 'rosmaster_base_package' build argument 'cmake_clean_cache' from command line to 'False'
[0.926s] Level 5:colcon.colcon_core.verb:set package 'rosmaster_base_package' build argument 'cmake_clean_first' from command line to 'False'
[0.926s] Level 5:colcon.colcon_core.verb:set package 'rosmaster_base_package' build argument 'cmake_force_configure' from command line to 'False'
[0.926s] Level 5:colcon.colcon_core.verb:set package 'rosmaster_base_package' build argument 'ament_cmake_args' from command line to 'None'
[0.926s] Level 5:colcon.colcon_core.verb:set package 'rosmaster_base_package' build argument 'catkin_cmake_args' from command line to 'None'
[0.926s] Level 5:colcon.colcon_core.verb:set package 'rosmaster_base_package' build argument 'catkin_skip_building_tests' from command line to 'False'
[0.926s] DEBUG:colcon.colcon_core.verb:Building package 'rosmaster_base_package' with the following arguments: {'ament_cmake_args': None, 'build_base': '/home/wens/ugv_ws/build/rosmaster_base_package', 'catkin_cmake_args': None, 'catkin_skip_building_tests': False, 'cmake_args': None, 'cmake_clean_cache': False, 'cmake_clean_first': False, 'cmake_force_configure': False, 'cmake_target': None, 'cmake_target_skip_unavailable': False, 'install_base': '/home/wens/ugv_ws/install/rosmaster_base_package', 'merge_install': False, 'path': '/home/wens/ugv_ws/src/rosmaster_base_package', 'symlink_install': True, 'test_result_base': None}
[0.927s] Level 5:colcon.colcon_core.verb:set package 'rosmaster_description' build argument 'cmake_args' from command line to 'None'
[0.927s] Level 5:colcon.colcon_core.verb:set package 'rosmaster_description' build argument 'cmake_target' from command line to 'None'
[0.927s] Level 5:colcon.colcon_core.verb:set package 'rosmaster_description' build argument 'cmake_target_skip_unavailable' from command line to 'False'
[0.927s] Level 5:colcon.colcon_core.verb:set package 'rosmaster_description' build argument 'cmake_clean_cache' from command line to 'False'
[0.927s] Level 5:colcon.colcon_core.verb:set package 'rosmaster_description' build argument 'cmake_clean_first' from command line to 'False'
[0.927s] Level 5:colcon.colcon_core.verb:set package 'rosmaster_description' build argument 'cmake_force_configure' from command line to 'False'
[0.927s] Level 5:colcon.colcon_core.verb:set package 'rosmaster_description' build argument 'ament_cmake_args' from command line to 'None'
[0.927s] Level 5:colcon.colcon_core.verb:set package 'rosmaster_description' build argument 'catkin_cmake_args' from command line to 'None'
[0.927s] Level 5:colcon.colcon_core.verb:set package 'rosmaster_description' build argument 'catkin_skip_building_tests' from command line to 'False'
[0.927s] DEBUG:colcon.colcon_core.verb:Building package 'rosmaster_description' with the following arguments: {'ament_cmake_args': None, 'build_base': '/home/wens/ugv_ws/build/rosmaster_description', 'catkin_cmake_args': None, 'catkin_skip_building_tests': False, 'cmake_args': None, 'cmake_clean_cache': False, 'cmake_clean_first': False, 'cmake_force_configure': False, 'cmake_target': None, 'cmake_target_skip_unavailable': False, 'install_base': '/home/wens/ugv_ws/install/rosmaster_description', 'merge_install': False, 'path': '/home/wens/ugv_ws/src/rosmaster_description', 'symlink_install': True, 'test_result_base': None}
[0.928s] INFO:colcon.colcon_core.executor:Executing jobs using 'parallel' executor
[0.930s] DEBUG:colcon.colcon_parallel_executor.executor.parallel:run_until_complete
[0.930s] INFO:colcon.colcon_ros.task.ament_python.build:Building ROS package in '/home/wens/ugv_ws/src/rosmaster_base_package' with build type 'ament_python'
[0.931s] Level 1:colcon.colcon_core.shell:create_environment_hook('rosmaster_base_package', 'ament_prefix_path')
[0.937s] INFO:colcon.colcon_core.plugin_system:Skipping extension 'colcon_core.shell.bat': Not used on non-Windows systems
[0.937s] INFO:colcon.colcon_core.shell:Creating environment hook '/home/wens/ugv_ws/install/rosmaster_base_package/share/rosmaster_base_package/hook/ament_prefix_path.ps1'
[0.939s] INFO:colcon.colcon_core.shell:Creating environment descriptor '/home/wens/ugv_ws/install/rosmaster_base_package/share/rosmaster_base_package/hook/ament_prefix_path.dsv'
[0.940s] INFO:colcon.colcon_core.shell:Creating environment hook '/home/wens/ugv_ws/install/rosmaster_base_package/share/rosmaster_base_package/hook/ament_prefix_path.sh'
[0.942s] INFO:colcon.colcon_core.shell:Skip shell extension 'powershell' for command environment: Not usable outside of PowerShell
[0.943s] DEBUG:colcon.colcon_core.shell:Skip shell extension 'dsv' for command environment
[0.951s] INFO:colcon.colcon_ros.task.ament_python.build:Building ROS package in '/home/wens/ugv_ws/src/rosmaster_description' with build type 'ament_python'
[0.951s] Level 1:colcon.colcon_core.shell:create_environment_hook('rosmaster_description', 'ament_prefix_path')
[0.952s] INFO:colcon.colcon_core.shell:Creating environment hook '/home/wens/ugv_ws/install/rosmaster_description/share/rosmaster_description/hook/ament_prefix_path.ps1'
[0.953s] INFO:colcon.colcon_core.shell:Creating environment descriptor '/home/wens/ugv_ws/install/rosmaster_description/share/rosmaster_description/hook/ament_prefix_path.dsv'
[0.954s] INFO:colcon.colcon_core.shell:Creating environment hook '/home/wens/ugv_ws/install/rosmaster_description/share/rosmaster_description/hook/ament_prefix_path.sh'
[0.955s] INFO:colcon.colcon_core.shell:Skip shell extension 'powershell' for command environment: Not usable outside of PowerShell
[0.956s] DEBUG:colcon.colcon_core.shell:Skip shell extension 'dsv' for command environment
[1.664s] INFO:colcon.colcon_core.task.python.build:Building Python package in '/home/wens/ugv_ws/src/rosmaster_base_package'
[1.666s] INFO:colcon.colcon_core.shell:Skip shell extension 'powershell' for command environment: Not usable outside of PowerShell
[1.666s] DEBUG:colcon.colcon_core.shell:Skip shell extension 'dsv' for command environment
[2.382s] INFO:colcon.colcon_core.task.python.build:Building Python package in '/home/wens/ugv_ws/src/rosmaster_description'
[2.383s] INFO:colcon.colcon_core.shell:Skip shell extension 'powershell' for command environment: Not usable outside of PowerShell
[2.383s] DEBUG:colcon.colcon_core.shell:Skip shell extension 'dsv' for command environment
[3.320s] DEBUG:colcon.colcon_core.event_handler.log_command:Invoking command in '/home/wens/ugv_ws/build/rosmaster_base_package': PYTHONPATH=/home/wens/ugv_ws/build/rosmaster_base_package/prefix_override:/usr/lib/python3/dist-packages/colcon_core/task/python/colcon_distutils_commands:/home/wens/ugv_ws/install/rosmaster_base_package/lib/python3.10/site-packages:${PYTHONPATH} /usr/bin/python3 -W ignore:setup.py install is deprecated -W ignore:easy_install command is deprecated setup.py develop --editable --build-directory /home/wens/ugv_ws/build/rosmaster_base_package/build --no-deps symlink_data
[3.332s] DEBUG:colcon.colcon_core.event_handler.log_command:Invoking command in '/home/wens/ugv_ws/build/rosmaster_description': PYTHONPATH=/home/wens/ugv_ws/build/rosmaster_description/prefix_override:/usr/lib/python3/dist-packages/colcon_core/task/python/colcon_distutils_commands:/home/wens/ugv_ws/install/rosmaster_description/lib/python3.10/site-packages:${PYTHONPATH} /usr/bin/python3 -W ignore:setup.py install is deprecated -W ignore:easy_install command is deprecated setup.py develop --editable --build-directory /home/wens/ugv_ws/build/rosmaster_description/build --no-deps symlink_data
[4.567s] Level 1:colcon.colcon_core.shell:create_environment_hook('rosmaster_base_package', 'pythonpath_develop')
[4.568s] INFO:colcon.colcon_core.shell:Creating environment hook '/home/wens/ugv_ws/build/rosmaster_base_package/share/rosmaster_base_package/hook/pythonpath_develop.ps1'
[4.569s] DEBUG:colcon.colcon_core.event_handler.log_command:Invoked command in '/home/wens/ugv_ws/build/rosmaster_base_package' returned '0': PYTHONPATH=/home/wens/ugv_ws/build/rosmaster_base_package/prefix_override:/usr/lib/python3/dist-packages/colcon_core/task/python/colcon_distutils_commands:/home/wens/ugv_ws/install/rosmaster_base_package/lib/python3.10/site-packages:${PYTHONPATH} /usr/bin/python3 -W ignore:setup.py install is deprecated -W ignore:easy_install command is deprecated setup.py develop --editable --build-directory /home/wens/ugv_ws/build/rosmaster_base_package/build --no-deps symlink_data
[4.571s] INFO:colcon.colcon_core.shell:Creating environment descriptor '/home/wens/ugv_ws/build/rosmaster_base_package/share/rosmaster_base_package/hook/pythonpath_develop.dsv'
[4.573s] INFO:colcon.colcon_core.shell:Creating environment hook '/home/wens/ugv_ws/build/rosmaster_base_package/share/rosmaster_base_package/hook/pythonpath_develop.sh'
[4.582s] Level 1:colcon.colcon_core.environment:checking '/home/wens/ugv_ws/install/rosmaster_base_package' for CMake module files
[4.583s] Level 1:colcon.colcon_core.environment:checking '/home/wens/ugv_ws/install/rosmaster_base_package' for CMake config files
[4.586s] Level 1:colcon.colcon_core.environment:checking '/home/wens/ugv_ws/install/rosmaster_base_package/lib'
[4.586s] Level 1:colcon.colcon_core.environment:checking '/home/wens/ugv_ws/install/rosmaster_base_package/bin'
[4.586s] Level 1:colcon.colcon_core.environment:checking '/home/wens/ugv_ws/install/rosmaster_base_package/lib/pkgconfig/rosmaster_base_package.pc'
[4.587s] Level 1:colcon.colcon_core.environment:checking '/home/wens/ugv_ws/install/rosmaster_base_package/lib/python3.10/site-packages'
[4.588s] Level 1:colcon.colcon_core.shell:create_environment_hook('rosmaster_base_package', 'pythonpath')
[4.588s] INFO:colcon.colcon_core.shell:Creating environment hook '/home/wens/ugv_ws/install/rosmaster_base_package/share/rosmaster_base_package/hook/pythonpath.ps1'
[4.590s] INFO:colcon.colcon_core.shell:Creating environment descriptor '/home/wens/ugv_ws/install/rosmaster_base_package/share/rosmaster_base_package/hook/pythonpath.dsv'
[4.591s] INFO:colcon.colcon_core.shell:Creating environment hook '/home/wens/ugv_ws/install/rosmaster_base_package/share/rosmaster_base_package/hook/pythonpath.sh'
[4.595s] Level 1:colcon.colcon_core.environment:checking '/home/wens/ugv_ws/install/rosmaster_base_package/bin'
[4.595s] Level 1:colcon.colcon_core.environment:create_environment_scripts_only(rosmaster_base_package)
[4.596s] INFO:colcon.colcon_core.shell:Creating package script '/home/wens/ugv_ws/install/rosmaster_base_package/share/rosmaster_base_package/package.ps1'
[4.600s] INFO:colcon.colcon_core.shell:Creating package descriptor '/home/wens/ugv_ws/install/rosmaster_base_package/share/rosmaster_base_package/package.dsv'
[4.602s] INFO:colcon.colcon_core.shell:Creating package script '/home/wens/ugv_ws/install/rosmaster_base_package/share/rosmaster_base_package/package.sh'
[4.605s] INFO:colcon.colcon_core.shell:Creating package script '/home/wens/ugv_ws/install/rosmaster_base_package/share/rosmaster_base_package/package.bash'
[4.607s] INFO:colcon.colcon_core.shell:Creating package script '/home/wens/ugv_ws/install/rosmaster_base_package/share/rosmaster_base_package/package.zsh'
[4.610s] Level 1:colcon.colcon_core.environment:create_file_with_runtime_dependencies(/home/wens/ugv_ws/install/rosmaster_base_package/share/colcon-core/packages/rosmaster_base_package)
[4.613s] Level 1:colcon.colcon_core.shell:create_environment_hook('rosmaster_description', 'pythonpath_develop')
[4.614s] INFO:colcon.colcon_core.shell:Creating environment hook '/home/wens/ugv_ws/build/rosmaster_description/share/rosmaster_description/hook/pythonpath_develop.ps1'
[4.617s] DEBUG:colcon.colcon_core.event_handler.log_command:Invoked command in '/home/wens/ugv_ws/build/rosmaster_description' returned '0': PYTHONPATH=/home/wens/ugv_ws/build/rosmaster_description/prefix_override:/usr/lib/python3/dist-packages/colcon_core/task/python/colcon_distutils_commands:/home/wens/ugv_ws/install/rosmaster_description/lib/python3.10/site-packages:${PYTHONPATH} /usr/bin/python3 -W ignore:setup.py install is deprecated -W ignore:easy_install command is deprecated setup.py develop --editable --build-directory /home/wens/ugv_ws/build/rosmaster_description/build --no-deps symlink_data
[4.618s] INFO:colcon.colcon_core.shell:Creating environment descriptor '/home/wens/ugv_ws/build/rosmaster_description/share/rosmaster_description/hook/pythonpath_develop.dsv'
[4.620s] INFO:colcon.colcon_core.shell:Creating environment hook '/home/wens/ugv_ws/build/rosmaster_description/share/rosmaster_description/hook/pythonpath_develop.sh'
[4.622s] Level 1:colcon.colcon_core.environment:checking '/home/wens/ugv_ws/install/rosmaster_description' for CMake module files
[4.623s] Level 1:colcon.colcon_core.environment:checking '/home/wens/ugv_ws/install/rosmaster_description' for CMake config files
[4.625s] Level 1:colcon.colcon_core.environment:checking '/home/wens/ugv_ws/install/rosmaster_description/lib'
[4.626s] Level 1:colcon.colcon_core.environment:checking '/home/wens/ugv_ws/install/rosmaster_description/bin'
[4.626s] Level 1:colcon.colcon_core.environment:checking '/home/wens/ugv_ws/install/rosmaster_description/lib/pkgconfig/rosmaster_description.pc'
[4.626s] Level 1:colcon.colcon_core.environment:checking '/home/wens/ugv_ws/install/rosmaster_description/lib/python3.10/site-packages'
[4.626s] Level 1:colcon.colcon_core.shell:create_environment_hook('rosmaster_description', 'pythonpath')
[4.627s] INFO:colcon.colcon_core.shell:Creating environment hook '/home/wens/ugv_ws/install/rosmaster_description/share/rosmaster_description/hook/pythonpath.ps1'
[4.628s] INFO:colcon.colcon_core.shell:Creating environment descriptor '/home/wens/ugv_ws/install/rosmaster_description/share/rosmaster_description/hook/pythonpath.dsv'
[4.629s] INFO:colcon.colcon_core.shell:Creating environment hook '/home/wens/ugv_ws/install/rosmaster_description/share/rosmaster_description/hook/pythonpath.sh'
[4.631s] Level 1:colcon.colcon_core.environment:checking '/home/wens/ugv_ws/install/rosmaster_description/bin'
[4.631s] Level 1:colcon.colcon_core.environment:create_environment_scripts_only(rosmaster_description)
[4.632s] INFO:colcon.colcon_core.shell:Creating package script '/home/wens/ugv_ws/install/rosmaster_description/share/rosmaster_description/package.ps1'
[4.634s] INFO:colcon.colcon_core.shell:Creating package descriptor '/home/wens/ugv_ws/install/rosmaster_description/share/rosmaster_description/package.dsv'
[4.635s] INFO:colcon.colcon_core.shell:Creating package script '/home/wens/ugv_ws/install/rosmaster_description/share/rosmaster_description/package.sh'
[4.636s] INFO:colcon.colcon_core.shell:Creating package script '/home/wens/ugv_ws/install/rosmaster_description/share/rosmaster_description/package.bash'
[4.638s] INFO:colcon.colcon_core.shell:Creating package script '/home/wens/ugv_ws/install/rosmaster_description/share/rosmaster_description/package.zsh'
[4.639s] Level 1:colcon.colcon_core.environment:create_file_with_runtime_dependencies(/home/wens/ugv_ws/install/rosmaster_description/share/colcon-core/packages/rosmaster_description)
[4.639s] DEBUG:colcon.colcon_parallel_executor.executor.parallel:closing loop
[4.640s] DEBUG:colcon.colcon_parallel_executor.executor.parallel:loop closed
[4.641s] DEBUG:colcon.colcon_parallel_executor.executor.parallel:run_until_complete finished with '0'
[4.641s] DEBUG:colcon.colcon_core.event_reactor:joining thread
[4.664s] INFO:colcon.colcon_core.plugin_system:Skipping extension 'colcon_notification.desktop_notification.terminal_notifier': Not used on non-Darwin systems
[4.665s] INFO:colcon.colcon_core.plugin_system:Skipping extension 'colcon_notification.desktop_notification.win32': Not used on non-Windows systems
[4.665s] INFO:colcon.colcon_notification.desktop_notification:Sending desktop notification using 'notify2'
[4.709s] DEBUG:colcon.colcon_core.event_reactor:joined thread
[4.710s] INFO:colcon.colcon_core.shell:Creating prefix script '/home/wens/ugv_ws/install/local_setup.ps1'
[4.714s] INFO:colcon.colcon_core.shell:Creating prefix util module '/home/wens/ugv_ws/install/_local_setup_util_ps1.py'
[4.717s] INFO:colcon.colcon_core.shell:Creating prefix chain script '/home/wens/ugv_ws/install/setup.ps1'
[4.721s] INFO:colcon.colcon_core.shell:Creating prefix script '/home/wens/ugv_ws/install/local_setup.sh'
[4.723s] INFO:colcon.colcon_core.shell:Creating prefix util module '/home/wens/ugv_ws/install/_local_setup_util_sh.py'
[4.726s] INFO:colcon.colcon_core.shell:Creating prefix chain script '/home/wens/ugv_ws/install/setup.sh'
[4.734s] INFO:colcon.colcon_core.shell:Creating prefix script '/home/wens/ugv_ws/install/local_setup.bash'
[4.735s] INFO:colcon.colcon_core.shell:Creating prefix chain script '/home/wens/ugv_ws/install/setup.bash'
[4.741s] INFO:colcon.colcon_core.shell:Creating prefix script '/home/wens/ugv_ws/install/local_setup.zsh'
[4.742s] INFO:colcon.colcon_core.shell:Creating prefix chain script '/home/wens/ugv_ws/install/setup.zsh'
